{"meta": {"format": 3, "version": "7.10.6", "timestamp": "2025-09-21T11:29:04.502509", "branch_coverage": false, "show_contexts": false}, "files": {"src/orca/__init__.py": {"executed_lines": [1, 3, 4], "summary": {"covered_lines": 2, "num_statements": 2, "percent_covered": 100.0, "percent_covered_display": "100", "missing_lines": 0, "excluded_lines": 0}, "missing_lines": [], "excluded_lines": [], "functions": {"": {"executed_lines": [1, 3, 4], "summary": {"covered_lines": 2, "num_statements": 2, "percent_covered": 100.0, "percent_covered_display": "100", "missing_lines": 0, "excluded_lines": 0}, "missing_lines": [], "excluded_lines": []}}, "classes": {"": {"executed_lines": [1, 3, 4], "summary": {"covered_lines": 2, "num_statements": 2, "percent_covered": 100.0, "percent_covered_display": "100", "missing_lines": 0, "excluded_lines": 0}, "missing_lines": [], "excluded_lines": []}}}, "src/orca/cli.py": {"executed_lines": [], "summary": {"covered_lines": 0, "num_statements": 218, "percent_covered": 0.0, "percent_covered_display": "0", "missing_lines": 218, "excluded_lines": 0}, "missing_lines": [3, 4, 5, 6, 8, 9, 11, 15, 16, 17, 18, 32, 33, 36, 37, 56, 58, 59, 60, 62, 63, 65, 66, 69, 70, 72, 73, 74, 75, 76, 77, 78, 80, 81, 82, 85, 86, 88, 91, 94, 95, 97, 100, 101, 102, 103, 104, 107, 108, 109, 110, 111, 113, 116, 117, 120, 121, 122, 123, 124, 126, 128, 129, 131, 132, 133, 134, 136, 137, 140, 141, 156, 158, 159, 160, 162, 163, 165, 168, 169, 171, 172, 173, 174, 175, 176, 177, 179, 180, 181, 184, 185, 187, 190, 193, 194, 196, 199, 200, 201, 202, 203, 206, 207, 208, 209, 210, 212, 215, 216, 219, 221, 222, 224, 225, 226, 227, 229, 230, 233, 234, 244, 245, 246, 247, 249, 250, 252, 253, 256, 257, 258, 260, 262, 263, 264, 265, 266, 269, 270, 271, 272, 274, 275, 276, 278, 279, 280, 281, 283, 284, 287, 288, 306, 308, 314, 321, 322, 326, 328, 329, 333, 336, 337, 339, 350, 366, 373, 375, 386, 387, 389, 390, 391, 392, 393, 395, 396, 397, 400, 401, 411, 412, 413, 414, 416, 417, 419, 420, 423, 424, 425, 426, 427, 428, 429, 432, 433, 435, 438, 439, 440, 442, 443, 444, 445, 446, 447, 449, 450, 451, 452, 454, 455, 458, 460, 463, 464], "excluded_lines": [], "functions": {"decide_file": {"executed_lines": [], "summary": {"covered_lines": 0, "num_statements": 54, "percent_covered": 0.0, "percent_covered_display": "0", "missing_lines": 54, "excluded_lines": 0}, "missing_lines": [56, 58, 59, 60, 62, 63, 65, 66, 69, 70, 72, 73, 74, 75, 76, 77, 78, 80, 81, 82, 85, 86, 88, 91, 94, 95, 97, 100, 101, 102, 103, 104, 107, 108, 109, 110, 111, 113, 116, 117, 120, 121, 122, 123, 124, 126, 128, 129, 131, 132, 133, 134, 136, 137], "excluded_lines": []}, "decide_stdin": {"executed_lines": [], "summary": {"covered_lines": 0, "num_statements": 48, "percent_covered": 0.0, "percent_covered_display": "0", "missing_lines": 48, "excluded_lines": 0}, "missing_lines": [156, 158, 159, 160, 162, 163, 165, 168, 169, 171, 172, 173, 174, 175, 176, 177, 179, 180, 181, 184, 185, 187, 190, 193, 194, 196, 199, 200, 201, 202, 203, 206, 207, 208, 209, 210, 212, 215, 216, 219, 221, 222, 224, 225, 226, 227, 229, 230], "excluded_lines": []}, "validate": {"executed_lines": [], "summary": {"covered_lines": 0, "num_statements": 30, "percent_covered": 0.0, "percent_covered_display": "0", "missing_lines": 30, "excluded_lines": 0}, "missing_lines": [244, 245, 246, 247, 249, 250, 252, 253, 256, 257, 258, 260, 262, 263, 264, 265, 266, 269, 270, 271, 272, 274, 275, 276, 278, 279, 280, 281, 283, 284], "excluded_lines": []}, "create_sample": {"executed_lines": [], "summary": {"covered_lines": 0, "num_statements": 26, "percent_covered": 0.0, "percent_covered_display": "0", "missing_lines": 26, "excluded_lines": 0}, "missing_lines": [306, 308, 314, 321, 322, 326, 328, 329, 333, 336, 337, 339, 350, 366, 373, 375, 386, 387, 389, 390, 391, 392, 393, 395, 396, 397], "excluded_lines": []}, "explain": {"executed_lines": [], "summary": {"covered_lines": 0, "num_statements": 33, "percent_covered": 0.0, "percent_covered_display": "0", "missing_lines": 33, "excluded_lines": 0}, "missing_lines": [411, 412, 413, 414, 416, 417, 419, 420, 423, 424, 425, 426, 427, 428, 429, 432, 433, 435, 438, 439, 440, 442, 443, 444, 445, 446, 447, 449, 450, 451, 452, 454, 455], "excluded_lines": []}, "main": {"executed_lines": [], "summary": {"covered_lines": 0, "num_statements": 1, "percent_covered": 0.0, "percent_covered_display": "0", "missing_lines": 1, "excluded_lines": 0}, "missing_lines": [460], "excluded_lines": []}, "": {"executed_lines": [], "summary": {"covered_lines": 0, "num_statements": 26, "percent_covered": 0.0, "percent_covered_display": "0", "missing_lines": 26, "excluded_lines": 0}, "missing_lines": [3, 4, 5, 6, 8, 9, 11, 15, 16, 17, 18, 32, 33, 36, 37, 140, 141, 233, 234, 287, 288, 400, 401, 458, 463, 464], "excluded_lines": []}}, "classes": {"": {"executed_lines": [], "summary": {"covered_lines": 0, "num_statements": 218, "percent_covered": 0.0, "percent_covered_display": "0", "missing_lines": 218, "excluded_lines": 0}, "missing_lines": [3, 4, 5, 6, 8, 9, 11, 15, 16, 17, 18, 32, 33, 36, 37, 56, 58, 59, 60, 62, 63, 65, 66, 69, 70, 72, 73, 74, 75, 76, 77, 78, 80, 81, 82, 85, 86, 88, 91, 94, 95, 97, 100, 101, 102, 103, 104, 107, 108, 109, 110, 111, 113, 116, 117, 120, 121, 122, 123, 124, 126, 128, 129, 131, 132, 133, 134, 136, 137, 140, 141, 156, 158, 159, 160, 162, 163, 165, 168, 169, 171, 172, 173, 174, 175, 176, 177, 179, 180, 181, 184, 185, 187, 190, 193, 194, 196, 199, 200, 201, 202, 203, 206, 207, 208, 209, 210, 212, 215, 216, 219, 221, 222, 224, 225, 226, 227, 229, 230, 233, 234, 244, 245, 246, 247, 249, 250, 252, 253, 256, 257, 258, 260, 262, 263, 264, 265, 266, 269, 270, 271, 272, 274, 275, 276, 278, 279, 280, 281, 283, 284, 287, 288, 306, 308, 314, 321, 322, 326, 328, 329, 333, 336, 337, 339, 350, 366, 373, 375, 386, 387, 389, 390, 391, 392, 393, 395, 396, 397, 400, 401, 411, 412, 413, 414, 416, 417, 419, 420, 423, 424, 425, 426, 427, 428, 429, 432, 433, 435, 438, 439, 440, 442, 443, 444, 445, 446, 447, 449, 450, 451, 452, 454, 455, 458, 460, 463, 464], "excluded_lines": []}}}, "src/orca/core/__init__.py": {"executed_lines": [1], "summary": {"covered_lines": 0, "num_statements": 0, "percent_covered": 100.0, "percent_covered_display": "100", "missing_lines": 0, "excluded_lines": 0}, "missing_lines": [], "excluded_lines": [], "functions": {"": {"executed_lines": [1], "summary": {"covered_lines": 0, "num_statements": 0, "percent_covered": 100.0, "percent_covered_display": "100", "missing_lines": 0, "excluded_lines": 0}, "missing_lines": [], "excluded_lines": []}}, "classes": {"": {"executed_lines": [1], "summary": {"covered_lines": 0, "num_statements": 0, "percent_covered": 100.0, "percent_covered_display": "100", "missing_lines": 0, "excluded_lines": 0}, "missing_lines": [], "excluded_lines": []}}}, "src/orca/core/ap2_rules.py": {"executed_lines": [1, 7, 8, 13, 16, 17, 19, 27, 28, 30, 41, 43, 44, 45, 48, 49, 57, 58, 64, 68, 70, 72, 74, 80, 82, 83, 85, 87, 90, 91, 93, 101, 102, 104, 115, 116, 117, 118, 121, 123, 124, 132, 133, 137, 141, 143, 145, 148, 149, 152, 153, 154, 157, 158, 159, 160, 162, 164, 170, 172, 173, 175, 177, 180, 181, 183, 194, 195, 198, 199, 201, 202, 210, 217, 221, 223, 225, 226, 231, 232, 234, 244, 245, 247, 249, 250, 256, 257, 260, 261, 267, 272, 274, 276, 288, 290, 291, 293, 296, 297, 299, 309, 310, 312, 314, 317, 319, 332, 334, 335, 340, 341, 343, 350, 352, 362, 366, 367, 370, 371, 372, 374, 375, 380, 383, 385, 387, 389, 405, 407, 408, 413, 414, 416, 426, 427, 430, 431, 432, 438, 441, 444, 445, 450, 452, 454, 455, 457], "summary": {"covered_lines": 140, "num_statements": 154, "percent_covered": 90.9090909090909, "percent_covered_display": "91", "missing_lines": 14, "excluded_lines": 0}, "missing_lines": [86, 176, 211, 228, 277, 283, 286, 321, 322, 327, 330, 337, 363, 410], "excluded_lines": [], "functions": {"AP2HighTicketRule.__init__": {"executed_lines": [27, 28], "summary": {"covered_lines": 2, "num_statements": 2, "percent_covered": 100.0, "percent_covered_display": "100", "missing_lines": 0, "excluded_lines": 0}, "missing_lines": [], "excluded_lines": []}, "AP2HighTicketRule.apply": {"executed_lines": [41, 43, 44, 45, 48, 49, 57, 58, 64, 68, 70], "summary": {"covered_lines": 11, "num_statements": 11, "percent_covered": 100.0, "percent_covered_display": "100", "missing_lines": 0, "excluded_lines": 0}, "missing_lines": [], "excluded_lines": []}, "AP2HighTicketRule._get_rail_from_modality": {"executed_lines": [74, 80], "summary": {"covered_lines": 2, "num_statements": 2, "percent_covered": 100.0, "percent_covered_display": "100", "missing_lines": 0, "excluded_lines": 0}, "missing_lines": [], "excluded_lines": []}, "AP2HighTicketRule.name": {"executed_lines": [85, 87], "summary": {"covered_lines": 2, "num_statements": 3, "percent_covered": 66.66666666666667, "percent_covered_display": "67", "missing_lines": 1, "excluded_lines": 0}, "missing_lines": [86], "excluded_lines": []}, "AP2VelocityRule.__init__": {"executed_lines": [101, 102], "summary": {"covered_lines": 2, "num_statements": 2, "percent_covered": 100.0, "percent_covered_display": "100", "missing_lines": 0, "excluded_lines": 0}, "missing_lines": [], "excluded_lines": []}, "AP2VelocityRule.apply": {"executed_lines": [115, 116, 117, 118, 121, 123, 124, 132, 133, 137, 141, 143], "summary": {"covered_lines": 12, "num_statements": 12, "percent_covered": 100.0, "percent_covered_display": "100", "missing_lines": 0, "excluded_lines": 0}, "missing_lines": [], "excluded_lines": []}, "AP2VelocityRule._extract_velocity": {"executed_lines": [148, 149, 152, 153, 154, 157, 158, 159, 160], "summary": {"covered_lines": 9, "num_statements": 9, "percent_covered": 100.0, "percent_covered_display": "100", "missing_lines": 0, "excluded_lines": 0}, "missing_lines": [], "excluded_lines": []}, "AP2VelocityRule._get_rail_from_modality": {"executed_lines": [164, 170], "summary": {"covered_lines": 2, "num_statements": 2, "percent_covered": 100.0, "percent_covered_display": "100", "missing_lines": 0, "excluded_lines": 0}, "missing_lines": [], "excluded_lines": []}, "AP2VelocityRule.name": {"executed_lines": [175, 177], "summary": {"covered_lines": 2, "num_statements": 3, "percent_covered": 66.66666666666667, "percent_covered_display": "67", "missing_lines": 1, "excluded_lines": 0}, "missing_lines": [176], "excluded_lines": []}, "AP2LocationMismatchRule.apply": {"executed_lines": [194, 195, 198, 199, 201, 202, 210, 217, 221, 223], "summary": {"covered_lines": 10, "num_statements": 11, "percent_covered": 90.9090909090909, "percent_covered_display": "91", "missing_lines": 1, "excluded_lines": 0}, "missing_lines": [211], "excluded_lines": []}, "AP2LocationMismatchRule.name": {"executed_lines": [], "summary": {"covered_lines": 0, "num_statements": 1, "percent_covered": 0.0, "percent_covered_display": "0", "missing_lines": 1, "excluded_lines": 0}, "missing_lines": [228], "excluded_lines": []}, "AP2PaymentModalityRule.apply": {"executed_lines": [244, 245, 247, 249, 250, 256, 257, 260, 261, 267, 272, 274, 276, 288], "summary": {"covered_lines": 14, "num_statements": 17, "percent_covered": 82.3529411764706, "percent_covered_display": "82", "missing_lines": 3, "excluded_lines": 0}, "missing_lines": [277, 283, 286], "excluded_lines": []}, "AP2PaymentModalityRule.name": {"executed_lines": [293], "summary": {"covered_lines": 1, "num_statements": 1, "percent_covered": 100.0, "percent_covered_display": "100", "missing_lines": 0, "excluded_lines": 0}, "missing_lines": [], "excluded_lines": []}, "AP2ChannelRiskRule.apply": {"executed_lines": [309, 310, 312, 314, 317, 319, 332], "summary": {"covered_lines": 7, "num_statements": 11, "percent_covered": 63.63636363636363, "percent_covered_display": "64", "missing_lines": 4, "excluded_lines": 0}, "missing_lines": [321, 322, 327, 330], "excluded_lines": []}, "AP2ChannelRiskRule.name": {"executed_lines": [], "summary": {"covered_lines": 0, "num_statements": 1, "percent_covered": 0.0, "percent_covered_display": "0", "missing_lines": 1, "excluded_lines": 0}, "missing_lines": [337], "excluded_lines": []}, "AP2GeoRiskRule.__init__": {"executed_lines": [350], "summary": {"covered_lines": 1, "num_statements": 1, "percent_covered": 100.0, "percent_covered_display": "100", "missing_lines": 0, "excluded_lines": 0}, "missing_lines": [], "excluded_lines": []}, "AP2GeoRiskRule.apply": {"executed_lines": [362, 366, 367, 370, 371, 372, 374, 375, 380, 383, 385], "summary": {"covered_lines": 11, "num_statements": 12, "percent_covered": 91.66666666666667, "percent_covered_display": "92", "missing_lines": 1, "excluded_lines": 0}, "missing_lines": [363], "excluded_lines": []}, "AP2GeoRiskRule._get_country_risk": {"executed_lines": [389, 405], "summary": {"covered_lines": 2, "num_statements": 2, "percent_covered": 100.0, "percent_covered_display": "100", "missing_lines": 0, "excluded_lines": 0}, "missing_lines": [], "excluded_lines": []}, "AP2GeoRiskRule.name": {"executed_lines": [], "summary": {"covered_lines": 0, "num_statements": 1, "percent_covered": 0.0, "percent_covered_display": "0", "missing_lines": 1, "excluded_lines": 0}, "missing_lines": [410], "excluded_lines": []}, "AP2AuthRequirementRule.apply": {"executed_lines": [426, 427, 430, 431, 432, 438, 441, 444, 445, 450, 452], "summary": {"covered_lines": 11, "num_statements": 11, "percent_covered": 100.0, "percent_covered_display": "100", "missing_lines": 0, "excluded_lines": 0}, "missing_lines": [], "excluded_lines": []}, "AP2AuthRequirementRule.name": {"executed_lines": [457], "summary": {"covered_lines": 1, "num_statements": 1, "percent_covered": 100.0, "percent_covered_display": "100", "missing_lines": 0, "excluded_lines": 0}, "missing_lines": [], "excluded_lines": []}, "": {"executed_lines": [1, 7, 8, 13, 16, 17, 19, 30, 72, 82, 83, 90, 91, 93, 104, 145, 162, 172, 173, 180, 181, 183, 225, 226, 231, 232, 234, 290, 291, 296, 297, 299, 334, 335, 340, 341, 343, 352, 387, 407, 408, 413, 414, 416, 454, 455], "summary": {"covered_lines": 38, "num_statements": 38, "percent_covered": 100.0, "percent_covered_display": "100", "missing_lines": 0, "excluded_lines": 0}, "missing_lines": [], "excluded_lines": []}}, "classes": {"AP2HighTicketRule": {"executed_lines": [27, 28, 41, 43, 44, 45, 48, 49, 57, 58, 64, 68, 70, 74, 80, 85, 87], "summary": {"covered_lines": 17, "num_statements": 18, "percent_covered": 94.44444444444444, "percent_covered_display": "94", "missing_lines": 1, "excluded_lines": 0}, "missing_lines": [86], "excluded_lines": []}, "AP2VelocityRule": {"executed_lines": [101, 102, 115, 116, 117, 118, 121, 123, 124, 132, 133, 137, 141, 143, 148, 149, 152, 153, 154, 157, 158, 159, 160, 164, 170, 175, 177], "summary": {"covered_lines": 27, "num_statements": 28, "percent_covered": 96.42857142857143, "percent_covered_display": "96", "missing_lines": 1, "excluded_lines": 0}, "missing_lines": [176], "excluded_lines": []}, "AP2LocationMismatchRule": {"executed_lines": [194, 195, 198, 199, 201, 202, 210, 217, 221, 223], "summary": {"covered_lines": 10, "num_statements": 12, "percent_covered": 83.33333333333333, "percent_covered_display": "83", "missing_lines": 2, "excluded_lines": 0}, "missing_lines": [211, 228], "excluded_lines": []}, "AP2PaymentModalityRule": {"executed_lines": [244, 245, 247, 249, 250, 256, 257, 260, 261, 267, 272, 274, 276, 288, 293], "summary": {"covered_lines": 15, "num_statements": 18, "percent_covered": 83.33333333333333, "percent_covered_display": "83", "missing_lines": 3, "excluded_lines": 0}, "missing_lines": [277, 283, 286], "excluded_lines": []}, "AP2ChannelRiskRule": {"executed_lines": [309, 310, 312, 314, 317, 319, 332], "summary": {"covered_lines": 7, "num_statements": 12, "percent_covered": 58.333333333333336, "percent_covered_display": "58", "missing_lines": 5, "excluded_lines": 0}, "missing_lines": [321, 322, 327, 330, 337], "excluded_lines": []}, "AP2GeoRiskRule": {"executed_lines": [350, 362, 366, 367, 370, 371, 372, 374, 375, 380, 383, 385, 389, 405], "summary": {"covered_lines": 14, "num_statements": 16, "percent_covered": 87.5, "percent_covered_display": "88", "missing_lines": 2, "excluded_lines": 0}, "missing_lines": [363, 410], "excluded_lines": []}, "AP2AuthRequirementRule": {"executed_lines": [426, 427, 430, 431, 432, 438, 441, 444, 445, 450, 452, 457], "summary": {"covered_lines": 12, "num_statements": 12, "percent_covered": 100.0, "percent_covered_display": "100", "missing_lines": 0, "excluded_lines": 0}, "missing_lines": [], "excluded_lines": []}, "": {"executed_lines": [1, 7, 8, 13, 16, 17, 19, 30, 72, 82, 83, 90, 91, 93, 104, 145, 162, 172, 173, 180, 181, 183, 225, 226, 231, 232, 234, 290, 291, 296, 297, 299, 334, 335, 340, 341, 343, 352, 387, 407, 408, 413, 414, 416, 454, 455], "summary": {"covered_lines": 38, "num_statements": 38, "percent_covered": 100.0, "percent_covered_display": "100", "missing_lines": 0, "excluded_lines": 0}, "missing_lines": [], "excluded_lines": []}}}, "src/orca/core/decision_contract.py": {"executed_lines": [1, 7, 8, 9, 11, 13, 16, 19, 31, 42, 45, 46, 48, 49, 52, 53, 55, 56, 57, 60, 61, 63, 64, 67, 68, 69, 70, 71, 74, 75, 77, 78, 79, 80, 81, 84, 85, 87, 88, 91, 92, 95, 96, 97, 98, 101, 104, 110, 114, 115, 117, 118, 119, 120, 121, 122, 125, 126, 128, 129, 130, 131, 134, 137, 138, 139, 143, 158, 167, 175, 186, 188, 191, 195, 199, 201, 204, 206, 210, 212, 217, 219, 222, 233, 234, 237, 240, 244, 245, 246, 248, 249, 254, 255, 256, 258, 259, 260, 265, 268, 275, 278, 285], "summary": {"covered_lines": 94, "num_statements": 101, "percent_covered": 93.06930693069307, "percent_covered_display": "93", "missing_lines": 7, "excluded_lines": 0}, "missing_lines": [213, 215, 241, 250, 251, 261, 262], "excluded_lines": [], "functions": {"create_ap2_decision_contract": {"executed_lines": [158, 167, 175], "summary": {"covered_lines": 3, "num_statements": 3, "percent_covered": 100.0, "percent_covered_display": "100", "missing_lines": 0, "excluded_lines": 0}, "missing_lines": [], "excluded_lines": []}, "create_decision_reason": {"executed_lines": [188], "summary": {"covered_lines": 1, "num_statements": 1, "percent_covered": 100.0, "percent_covered_display": "100", "missing_lines": 0, "excluded_lines": 0}, "missing_lines": [], "excluded_lines": []}, "create_decision_action": {"executed_lines": [195], "summary": {"covered_lines": 1, "num_statements": 1, "percent_covered": 100.0, "percent_covered_display": "100", "missing_lines": 0, "excluded_lines": 0}, "missing_lines": [], "excluded_lines": []}, "ap2_contract_to_json": {"executed_lines": [201], "summary": {"covered_lines": 1, "num_statements": 1, "percent_covered": 100.0, "percent_covered_display": "100", "missing_lines": 0, "excluded_lines": 0}, "missing_lines": [], "excluded_lines": []}, "ap2_contract_from_json": {"executed_lines": [206], "summary": {"covered_lines": 1, "num_statements": 1, "percent_covered": 100.0, "percent_covered_display": "100", "missing_lines": 0, "excluded_lines": 0}, "missing_lines": [], "excluded_lines": []}, "validate_ap2_contract": {"executed_lines": [212, 217, 219], "summary": {"covered_lines": 3, "num_statements": 5, "percent_covered": 60.0, "percent_covered_display": "60", "missing_lines": 2, "excluded_lines": 0}, "missing_lines": [213, 215], "excluded_lines": []}, "sign_and_hash_decision": {"executed_lines": [233, 234, 237, 240, 244, 245, 246, 248, 249, 254, 255, 256, 258, 259, 260, 265], "summary": {"covered_lines": 16, "num_statements": 21, "percent_covered": 76.19047619047619, "percent_covered_display": "76", "missing_lines": 5, "excluded_lines": 0}, "missing_lines": [241, 250, 251, 261, 262], "excluded_lines": []}, "is_signing_enabled": {"executed_lines": [275], "summary": {"covered_lines": 1, "num_statements": 1, "percent_covered": 100.0, "percent_covered_display": "100", "missing_lines": 0, "excluded_lines": 0}, "missing_lines": [], "excluded_lines": []}, "is_receipt_hash_only": {"executed_lines": [285], "summary": {"covered_lines": 1, "num_statements": 1, "percent_covered": 100.0, "percent_covered_display": "100", "missing_lines": 0, "excluded_lines": 0}, "missing_lines": [], "excluded_lines": []}, "": {"executed_lines": [1, 7, 8, 9, 11, 13, 16, 19, 31, 42, 45, 46, 48, 49, 52, 53, 55, 56, 57, 60, 61, 63, 64, 67, 68, 69, 70, 71, 74, 75, 77, 78, 79, 80, 81, 84, 85, 87, 88, 91, 92, 95, 96, 97, 98, 101, 104, 110, 114, 115, 117, 118, 119, 120, 121, 122, 125, 126, 128, 129, 130, 131, 134, 137, 138, 139, 143, 186, 191, 199, 204, 210, 222, 268, 278], "summary": {"covered_lines": 66, "num_statements": 66, "percent_covered": 100.0, "percent_covered_display": "100", "missing_lines": 0, "excluded_lines": 0}, "missing_lines": [], "excluded_lines": []}}, "classes": {"DecisionReason": {"executed_lines": [], "summary": {"covered_lines": 0, "num_statements": 0, "percent_covered": 100.0, "percent_covered_display": "100", "missing_lines": 0, "excluded_lines": 0}, "missing_lines": [], "excluded_lines": []}, "DecisionAction": {"executed_lines": [], "summary": {"covered_lines": 0, "num_statements": 0, "percent_covered": 100.0, "percent_covered_display": "100", "missing_lines": 0, "excluded_lines": 0}, "missing_lines": [], "excluded_lines": []}, "DecisionMeta": {"executed_lines": [], "summary": {"covered_lines": 0, "num_statements": 0, "percent_covered": 100.0, "percent_covered_display": "100", "missing_lines": 0, "excluded_lines": 0}, "missing_lines": [], "excluded_lines": []}, "DecisionOutcome": {"executed_lines": [], "summary": {"covered_lines": 0, "num_statements": 0, "percent_covered": 100.0, "percent_covered_display": "100", "missing_lines": 0, "excluded_lines": 0}, "missing_lines": [], "excluded_lines": []}, "SigningInfo": {"executed_lines": [], "summary": {"covered_lines": 0, "num_statements": 0, "percent_covered": 100.0, "percent_covered_display": "100", "missing_lines": 0, "excluded_lines": 0}, "missing_lines": [], "excluded_lines": []}, "AP2DecisionContract": {"executed_lines": [], "summary": {"covered_lines": 0, "num_statements": 0, "percent_covered": 100.0, "percent_covered_display": "100", "missing_lines": 0, "excluded_lines": 0}, "missing_lines": [], "excluded_lines": []}, "LegacyDecisionRequest": {"executed_lines": [], "summary": {"covered_lines": 0, "num_statements": 0, "percent_covered": 100.0, "percent_covered_display": "100", "missing_lines": 0, "excluded_lines": 0}, "missing_lines": [], "excluded_lines": []}, "LegacyDecisionResponse": {"executed_lines": [], "summary": {"covered_lines": 0, "num_statements": 0, "percent_covered": 100.0, "percent_covered_display": "100", "missing_lines": 0, "excluded_lines": 0}, "missing_lines": [], "excluded_lines": []}, "": {"executed_lines": [1, 7, 8, 9, 11, 13, 16, 19, 31, 42, 45, 46, 48, 49, 52, 53, 55, 56, 57, 60, 61, 63, 64, 67, 68, 69, 70, 71, 74, 75, 77, 78, 79, 80, 81, 84, 85, 87, 88, 91, 92, 95, 96, 97, 98, 101, 104, 110, 114, 115, 117, 118, 119, 120, 121, 122, 125, 126, 128, 129, 130, 131, 134, 137, 138, 139, 143, 158, 167, 175, 186, 188, 191, 195, 199, 201, 204, 206, 210, 212, 217, 219, 222, 233, 234, 237, 240, 244, 245, 246, 248, 249, 254, 255, 256, 258, 259, 260, 265, 268, 275, 278, 285], "summary": {"covered_lines": 94, "num_statements": 101, "percent_covered": 93.06930693069307, "percent_covered_display": "93", "missing_lines": 7, "excluded_lines": 0}, "missing_lines": [213, 215, 241, 250, 251, 261, 262], "excluded_lines": []}}}, "src/orca/core/decision_legacy_adapter.py": {"executed_lines": [1, 7, 8, 9, 10, 11, 13, 24, 27, 38, 39, 41, 42, 47, 48, 51, 64, 77, 87, 97, 113, 125, 126, 133, 136, 139, 142, 154, 155, 157, 168, 169, 170, 171, 172, 174, 176, 177, 183, 184, 187, 190, 196, 202, 205, 206, 207, 208, 211, 212, 213, 214, 216, 220, 222, 226, 229, 231, 239, 242, 244, 248, 251, 253, 259, 262, 264, 269, 272, 274, 279, 282, 284, 285, 287, 288, 289, 290, 295, 297, 298, 299, 301, 302, 303, 304, 309, 311, 313, 314, 315, 317, 318, 320, 324, 326, 327, 330, 335, 338, 341, 347, 350, 351, 356], "summary": {"covered_lines": 103, "num_statements": 106, "percent_covered": 97.16981132075472, "percent_covered_display": "97", "missing_lines": 3, "excluded_lines": 0}, "missing_lines": [292, 306, 316], "excluded_lines": [], "functions": {"DecisionLegacyAdapter.legacy_request_to_ap2_contract": {"executed_lines": [47, 48, 51, 64, 77, 87, 97, 113], "summary": {"covered_lines": 8, "num_statements": 8, "percent_covered": 100.0, "percent_covered_display": "100", "missing_lines": 0, "excluded_lines": 0}, "missing_lines": [], "excluded_lines": []}, "DecisionLegacyAdapter.ap2_contract_to_legacy_response": {"executed_lines": [133, 136, 139, 142, 154, 155, 157, 168, 169, 170, 171, 172, 174], "summary": {"covered_lines": 13, "num_statements": 13, "percent_covered": 100.0, "percent_covered_display": "100", "missing_lines": 0, "excluded_lines": 0}, "missing_lines": [], "excluded_lines": []}, "DecisionLegacyAdapter.update_ap2_contract_with_legacy_response": {"executed_lines": [183, 184, 187, 190, 196, 202, 205, 206, 207, 208, 211, 212, 213, 214, 216], "summary": {"covered_lines": 15, "num_statements": 15, "percent_covered": 100.0, "percent_covered_display": "100", "missing_lines": 0, "excluded_lines": 0}, "missing_lines": [], "excluded_lines": []}, "_map_legacy_channel_to_ap2": {"executed_lines": [222, 226], "summary": {"covered_lines": 2, "num_statements": 2, "percent_covered": 100.0, "percent_covered_display": "100", "missing_lines": 0, "excluded_lines": 0}, "missing_lines": [], "excluded_lines": []}, "_map_ap2_channel_to_legacy": {"executed_lines": [231, 239], "summary": {"covered_lines": 2, "num_statements": 2, "percent_covered": 100.0, "percent_covered_display": "100", "missing_lines": 0, "excluded_lines": 0}, "missing_lines": [], "excluded_lines": []}, "_map_legacy_rail_to_modality": {"executed_lines": [244, 248], "summary": {"covered_lines": 2, "num_statements": 2, "percent_covered": 100.0, "percent_covered_display": "100", "missing_lines": 0, "excluded_lines": 0}, "missing_lines": [], "excluded_lines": []}, "_map_ap2_modality_to_legacy_rail": {"executed_lines": [253, 259], "summary": {"covered_lines": 2, "num_statements": 2, "percent_covered": 100.0, "percent_covered_display": "100", "missing_lines": 0, "excluded_lines": 0}, "missing_lines": [], "excluded_lines": []}, "_map_ap2_result_to_legacy": {"executed_lines": [264, 269], "summary": {"covered_lines": 2, "num_statements": 2, "percent_covered": 100.0, "percent_covered_display": "100", "missing_lines": 0, "excluded_lines": 0}, "missing_lines": [], "excluded_lines": []}, "_map_legacy_to_ap2_result": {"executed_lines": [274, 279], "summary": {"covered_lines": 2, "num_statements": 2, "percent_covered": 100.0, "percent_covered_display": "100", "missing_lines": 0, "excluded_lines": 0}, "missing_lines": [], "excluded_lines": []}, "_generate_legacy_explanation": {"executed_lines": [284, 285, 287, 288, 289, 290], "summary": {"covered_lines": 6, "num_statements": 7, "percent_covered": 85.71428571428571, "percent_covered_display": "86", "missing_lines": 1, "excluded_lines": 0}, "missing_lines": [292], "excluded_lines": []}, "_generate_human_explanation": {"executed_lines": [297, 298, 299, 301, 302, 303, 304], "summary": {"covered_lines": 7, "num_statements": 8, "percent_covered": 87.5, "percent_covered_display": "88", "missing_lines": 1, "excluded_lines": 0}, "missing_lines": [306], "excluded_lines": []}, "_generate_routing_hint": {"executed_lines": [311, 313, 314, 315, 317, 318, 320], "summary": {"covered_lines": 7, "num_statements": 8, "percent_covered": 87.5, "percent_covered_display": "88", "missing_lines": 1, "excluded_lines": 0}, "missing_lines": [316], "excluded_lines": []}, "legacy_request_json_to_ap2_contract": {"executed_lines": [326, 327], "summary": {"covered_lines": 2, "num_statements": 2, "percent_covered": 100.0, "percent_covered_display": "100", "missing_lines": 0, "excluded_lines": 0}, "missing_lines": [], "excluded_lines": []}, "ap2_contract_to_legacy_response_json": {"executed_lines": [335, 338], "summary": {"covered_lines": 2, "num_statements": 2, "percent_covered": 100.0, "percent_covered_display": "100", "missing_lines": 0, "excluded_lines": 0}, "missing_lines": [], "excluded_lines": []}, "roundtrip_legacy_to_ap2_to_legacy": {"executed_lines": [347, 350, 351, 356], "summary": {"covered_lines": 4, "num_statements": 4, "percent_covered": 100.0, "percent_covered_display": "100", "missing_lines": 0, "excluded_lines": 0}, "missing_lines": [], "excluded_lines": []}, "": {"executed_lines": [1, 7, 8, 9, 10, 11, 13, 24, 27, 38, 39, 41, 42, 125, 126, 176, 177, 220, 229, 242, 251, 262, 272, 282, 295, 309, 324, 330, 341], "summary": {"covered_lines": 27, "num_statements": 27, "percent_covered": 100.0, "percent_covered_display": "100", "missing_lines": 0, "excluded_lines": 0}, "missing_lines": [], "excluded_lines": []}}, "classes": {"DecisionLegacyAdapter": {"executed_lines": [47, 48, 51, 64, 77, 87, 97, 113, 133, 136, 139, 142, 154, 155, 157, 168, 169, 170, 171, 172, 174, 183, 184, 187, 190, 196, 202, 205, 206, 207, 208, 211, 212, 213, 214, 216], "summary": {"covered_lines": 36, "num_statements": 36, "percent_covered": 100.0, "percent_covered_display": "100", "missing_lines": 0, "excluded_lines": 0}, "missing_lines": [], "excluded_lines": []}, "": {"executed_lines": [1, 7, 8, 9, 10, 11, 13, 24, 27, 38, 39, 41, 42, 125, 126, 176, 177, 220, 222, 226, 229, 231, 239, 242, 244, 248, 251, 253, 259, 262, 264, 269, 272, 274, 279, 282, 284, 285, 287, 288, 289, 290, 295, 297, 298, 299, 301, 302, 303, 304, 309, 311, 313, 314, 315, 317, 318, 320, 324, 326, 327, 330, 335, 338, 341, 347, 350, 351, 356], "summary": {"covered_lines": 67, "num_statements": 70, "percent_covered": 95.71428571428571, "percent_covered_display": "96", "missing_lines": 3, "excluded_lines": 0}, "missing_lines": [292, 306, 316], "excluded_lines": []}}}, "src/orca/core/feature_extractor.py": {"executed_lines": [1, 7, 8, 10, 15, 18, 19, 21, 24, 37, 55, 58, 61, 65, 67, 69, 71, 74, 77, 78, 81, 84, 87, 90, 93, 96, 99, 101, 103, 113, 116, 117, 118, 119, 120, 123, 126, 128, 130, 172, 214, 258, 293, 324, 326, 329, 330, 333, 334, 335, 336, 338, 340, 342, 344, 345, 347, 348, 351, 352, 353, 355, 357, 359, 361, 362, 365, 366, 378, 381, 384, 385, 386, 388, 390, 392, 395, 396, 397, 400, 401, 402, 404, 406, 408, 411, 412, 413, 414, 415, 417, 419, 421, 424, 425, 426, 429, 434, 437, 438, 441, 448, 450, 452, 454, 455, 457, 459, 461, 463, 466, 468, 470, 480, 481, 512, 515, 518, 519, 520, 523, 527, 528, 531, 533, 534], "summary": {"covered_lines": 124, "num_statements": 209, "percent_covered": 59.33014354066986, "percent_covered_display": "59", "missing_lines": 85, "excluded_lines": 0}, "missing_lines": [62, 132, 135, 136, 139, 151, 154, 155, 162, 164, 167, 168, 170, 174, 177, 183, 186, 194, 196, 197, 199, 202, 203, 204, 205, 206, 208, 210, 212, 216, 219, 224, 227, 235, 238, 243, 246, 254, 256, 260, 262, 264, 280, 283, 285, 286, 289, 291, 295, 298, 299, 300, 302, 303, 304, 305, 308, 310, 313, 314, 317, 318, 319, 320, 322, 458, 460, 462, 464, 484, 485, 487, 488, 490, 491, 494, 495, 497, 498, 501, 502, 504, 505, 507, 508], "excluded_lines": [], "functions": {"AP2FeatureExtractor.__init__": {"executed_lines": [24], "summary": {"covered_lines": 1, "num_statements": 1, "percent_covered": 100.0, "percent_covered_display": "100", "missing_lines": 0, "excluded_lines": 0}, "missing_lines": [], "excluded_lines": []}, "AP2FeatureExtractor.extract_features_from_ap2": {"executed_lines": [55, 58, 61, 65, 67], "summary": {"covered_lines": 5, "num_statements": 6, "percent_covered": 83.33333333333333, "percent_covered_display": "83", "missing_lines": 1, "excluded_lines": 0}, "missing_lines": [62], "excluded_lines": []}, "AP2FeatureExtractor._extract_model_features": {"executed_lines": [71, 74, 77, 78, 81, 84, 87, 90, 93, 96, 99, 101], "summary": {"covered_lines": 12, "num_statements": 12, "percent_covered": 100.0, "percent_covered_display": "100", "missing_lines": 0, "excluded_lines": 0}, "missing_lines": [], "excluded_lines": []}, "AP2FeatureExtractor.extract_features_from_legacy": {"executed_lines": [113, 116, 117, 118, 119, 120, 123, 126, 128], "summary": {"covered_lines": 9, "num_statements": 9, "percent_covered": 100.0, "percent_covered_display": "100", "missing_lines": 0, "excluded_lines": 0}, "missing_lines": [], "excluded_lines": []}, "AP2FeatureExtractor._extract_cart_features": {"executed_lines": [], "summary": {"covered_lines": 0, "num_statements": 12, "percent_covered": 0.0, "percent_covered_display": "0", "missing_lines": 12, "excluded_lines": 0}, "missing_lines": [132, 135, 136, 139, 151, 154, 155, 162, 164, 167, 168, 170], "excluded_lines": []}, "AP2FeatureExtractor._extract_payment_features": {"executed_lines": [], "summary": {"covered_lines": 0, "num_statements": 16, "percent_covered": 0.0, "percent_covered_display": "0", "missing_lines": 16, "excluded_lines": 0}, "missing_lines": [174, 177, 183, 186, 194, 196, 197, 199, 202, 203, 204, 205, 206, 208, 210, 212], "excluded_lines": []}, "AP2FeatureExtractor._extract_intent_features": {"executed_lines": [], "summary": {"covered_lines": 0, "num_statements": 10, "percent_covered": 0.0, "percent_covered_display": "0", "missing_lines": 10, "excluded_lines": 0}, "missing_lines": [216, 219, 224, 227, 235, 238, 243, 246, 254, 256], "excluded_lines": []}, "AP2FeatureExtractor._extract_geo_features": {"executed_lines": [], "summary": {"covered_lines": 0, "num_statements": 9, "percent_covered": 0.0, "percent_covered_display": "0", "missing_lines": 9, "excluded_lines": 0}, "missing_lines": [260, 262, 264, 280, 283, 285, 286, 289, 291], "excluded_lines": []}, "AP2FeatureExtractor._extract_temporal_features": {"executed_lines": [], "summary": {"covered_lines": 0, "num_statements": 17, "percent_covered": 0.0, "percent_covered_display": "0", "missing_lines": 17, "excluded_lines": 0}, "missing_lines": [295, 298, 299, 300, 302, 303, 304, 305, 308, 310, 313, 314, 317, 318, 319, 320, 322], "excluded_lines": []}, "AP2FeatureExtractor._extract_legacy_basic_features": {"executed_lines": [326, 329, 330, 333, 334, 335, 336, 338], "summary": {"covered_lines": 8, "num_statements": 8, "percent_covered": 100.0, "percent_covered_display": "100", "missing_lines": 0, "excluded_lines": 0}, "missing_lines": [], "excluded_lines": []}, "AP2FeatureExtractor._extract_legacy_customer_features": {"executed_lines": [342, 344, 345, 347, 348, 351, 352, 353, 355], "summary": {"covered_lines": 9, "num_statements": 9, "percent_covered": 100.0, "percent_covered_display": "100", "missing_lines": 0, "excluded_lines": 0}, "missing_lines": [], "excluded_lines": []}, "AP2FeatureExtractor._extract_legacy_location_features": {"executed_lines": [359, 361, 362, 365, 366, 378, 381, 384, 385, 386, 388], "summary": {"covered_lines": 11, "num_statements": 11, "percent_covered": 100.0, "percent_covered_display": "100", "missing_lines": 0, "excluded_lines": 0}, "missing_lines": [], "excluded_lines": []}, "AP2FeatureExtractor._extract_legacy_payment_features": {"executed_lines": [392, 395, 396, 397, 400, 401, 402, 404], "summary": {"covered_lines": 8, "num_statements": 8, "percent_covered": 100.0, "percent_covered_display": "100", "missing_lines": 0, "excluded_lines": 0}, "missing_lines": [], "excluded_lines": []}, "AP2FeatureExtractor._extract_legacy_temporal_features": {"executed_lines": [408, 411, 412, 413, 414, 415, 417], "summary": {"covered_lines": 7, "num_statements": 7, "percent_covered": 100.0, "percent_covered_display": "100", "missing_lines": 0, "excluded_lines": 0}, "missing_lines": [], "excluded_lines": []}, "AP2FeatureExtractor._create_derived_features": {"executed_lines": [421, 424, 425, 426, 429, 434, 437, 438, 441, 448, 450], "summary": {"covered_lines": 11, "num_statements": 11, "percent_covered": 100.0, "percent_covered_display": "100", "missing_lines": 0, "excluded_lines": 0}, "missing_lines": [], "excluded_lines": []}, "AP2FeatureExtractor._ensure_all_features": {"executed_lines": [454, 455, 457, 459, 461, 463, 466, 468], "summary": {"covered_lines": 8, "num_statements": 12, "percent_covered": 66.66666666666667, "percent_covered_display": "67", "missing_lines": 4, "excluded_lines": 0}, "missing_lines": [458, 460, 462, 464], "excluded_lines": []}, "AP2FeatureExtractor.validate_ap2_contract": {"executed_lines": [480, 481], "summary": {"covered_lines": 2, "num_statements": 18, "percent_covered": 11.11111111111111, "percent_covered_display": "11", "missing_lines": 16, "excluded_lines": 0}, "missing_lines": [484, 485, 487, 488, 490, 491, 494, 495, 497, 498, 501, 502, 504, 505, 507, 508], "excluded_lines": []}, "get_ap2_feature_extractor": {"executed_lines": [518, 519, 520], "summary": {"covered_lines": 3, "num_statements": 3, "percent_covered": 100.0, "percent_covered_display": "100", "missing_lines": 0, "excluded_lines": 0}, "missing_lines": [], "excluded_lines": []}, "extract_features_from_ap2": {"executed_lines": [527, 528], "summary": {"covered_lines": 2, "num_statements": 2, "percent_covered": 100.0, "percent_covered_display": "100", "missing_lines": 0, "excluded_lines": 0}, "missing_lines": [], "excluded_lines": []}, "extract_features_from_legacy": {"executed_lines": [533, 534], "summary": {"covered_lines": 2, "num_statements": 2, "percent_covered": 100.0, "percent_covered_display": "100", "missing_lines": 0, "excluded_lines": 0}, "missing_lines": [], "excluded_lines": []}, "": {"executed_lines": [1, 7, 8, 10, 15, 18, 19, 21, 37, 69, 103, 130, 172, 214, 258, 293, 324, 340, 357, 390, 406, 419, 452, 470, 512, 515, 523, 531], "summary": {"covered_lines": 26, "num_statements": 26, "percent_covered": 100.0, "percent_covered_display": "100", "missing_lines": 0, "excluded_lines": 0}, "missing_lines": [], "excluded_lines": []}}, "classes": {"AP2FeatureExtractor": {"executed_lines": [24, 55, 58, 61, 65, 67, 71, 74, 77, 78, 81, 84, 87, 90, 93, 96, 99, 101, 113, 116, 117, 118, 119, 120, 123, 126, 128, 326, 329, 330, 333, 334, 335, 336, 338, 342, 344, 345, 347, 348, 351, 352, 353, 355, 359, 361, 362, 365, 366, 378, 381, 384, 385, 386, 388, 392, 395, 396, 397, 400, 401, 402, 404, 408, 411, 412, 413, 414, 415, 417, 421, 424, 425, 426, 429, 434, 437, 438, 441, 448, 450, 454, 455, 457, 459, 461, 463, 466, 468, 480, 481], "summary": {"covered_lines": 91, "num_statements": 176, "percent_covered": 51.70454545454545, "percent_covered_display": "52", "missing_lines": 85, "excluded_lines": 0}, "missing_lines": [62, 132, 135, 136, 139, 151, 154, 155, 162, 164, 167, 168, 170, 174, 177, 183, 186, 194, 196, 197, 199, 202, 203, 204, 205, 206, 208, 210, 212, 216, 219, 224, 227, 235, 238, 243, 246, 254, 256, 260, 262, 264, 280, 283, 285, 286, 289, 291, 295, 298, 299, 300, 302, 303, 304, 305, 308, 310, 313, 314, 317, 318, 319, 320, 322, 458, 460, 462, 464, 484, 485, 487, 488, 490, 491, 494, 495, 497, 498, 501, 502, 504, 505, 507, 508], "excluded_lines": []}, "": {"executed_lines": [1, 7, 8, 10, 15, 18, 19, 21, 37, 69, 103, 130, 172, 214, 258, 293, 324, 340, 357, 390, 406, 419, 452, 470, 512, 515, 518, 519, 520, 523, 527, 528, 531, 533, 534], "summary": {"covered_lines": 33, "num_statements": 33, "percent_covered": 100.0, "percent_covered_display": "100", "missing_lines": 0, "excluded_lines": 0}, "missing_lines": [], "excluded_lines": []}}}, "src/orca/core/rules_engine.py": {"executed_lines": [1, 7, 16, 19, 20, 22, 36, 37, 38, 41, 42, 44, 56, 57, 62, 63, 65, 67, 68, 70, 72, 82, 99, 113, 116, 119, 120, 121, 122, 125, 126, 127, 128, 129, 130, 131, 134, 135, 136, 137, 138, 146, 149, 150, 156, 161, 162, 164, 174, 183, 186, 188, 190, 200, 201, 203, 206, 209, 212, 215, 218, 232, 235, 236, 237, 238, 239, 240, 241, 243, 247, 248, 250, 259, 268, 279, 282, 285, 286, 287, 290, 292, 293], "summary": {"covered_lines": 79, "num_statements": 94, "percent_covered": 84.04255319148936, "percent_covered_display": "84", "missing_lines": 15, "excluded_lines": 0}, "missing_lines": [54, 59, 140, 142, 143, 204, 207, 210, 213, 216, 242, 244, 257, 266, 275], "excluded_lines": [], "functions": {"AP2RuleResult.__init__": {"executed_lines": [36, 37, 38], "summary": {"covered_lines": 3, "num_statements": 3, "percent_covered": 100.0, "percent_covered_display": "100", "missing_lines": 0, "excluded_lines": 0}, "missing_lines": [], "excluded_lines": []}, "AP2Rule.apply": {"executed_lines": [], "summary": {"covered_lines": 0, "num_statements": 1, "percent_covered": 0.0, "percent_covered_display": "0", "missing_lines": 1, "excluded_lines": 0}, "missing_lines": [54], "excluded_lines": []}, "AP2Rule.name": {"executed_lines": [], "summary": {"covered_lines": 0, "num_statements": 1, "percent_covered": 0.0, "percent_covered_display": "0", "missing_lines": 1, "excluded_lines": 0}, "missing_lines": [59], "excluded_lines": []}, "AP2RulesEngine.__init__": {"executed_lines": [67, 68], "summary": {"covered_lines": 2, "num_statements": 2, "percent_covered": 100.0, "percent_covered_display": "100", "missing_lines": 0, "excluded_lines": 0}, "missing_lines": [], "excluded_lines": []}, "AP2RulesEngine._register_default_rules": {"executed_lines": [72, 82], "summary": {"covered_lines": 2, "num_statements": 2, "percent_covered": 100.0, "percent_covered_display": "100", "missing_lines": 0, "excluded_lines": 0}, "missing_lines": [], "excluded_lines": []}, "AP2RulesEngine.evaluate": {"executed_lines": [113, 116, 119, 120, 121, 122, 125, 126, 127, 128, 129, 130, 131, 134, 135, 136, 137, 138, 146, 149, 150, 156, 161, 162, 164, 174, 183, 186, 188], "summary": {"covered_lines": 29, "num_statements": 32, "percent_covered": 90.625, "percent_covered_display": "91", "missing_lines": 3, "excluded_lines": 0}, "missing_lines": [140, 142, 143], "excluded_lines": []}, "AP2RulesEngine._validate_ap2_contract": {"executed_lines": [200, 201, 203, 206, 209, 212, 215], "summary": {"covered_lines": 7, "num_statements": 12, "percent_covered": 58.333333333333336, "percent_covered_display": "58", "missing_lines": 5, "excluded_lines": 0}, "missing_lines": [204, 207, 210, 213, 216], "excluded_lines": []}, "AP2RulesEngine._calculate_risk_score": {"executed_lines": [232, 235, 236, 237, 238, 239, 240, 241, 243, 247, 248], "summary": {"covered_lines": 11, "num_statements": 13, "percent_covered": 84.61538461538461, "percent_covered_display": "85", "missing_lines": 2, "excluded_lines": 0}, "missing_lines": [242, 244], "excluded_lines": []}, "AP2RulesEngine.add_rule": {"executed_lines": [], "summary": {"covered_lines": 0, "num_statements": 1, "percent_covered": 0.0, "percent_covered_display": "0", "missing_lines": 1, "excluded_lines": 0}, "missing_lines": [257], "excluded_lines": []}, "AP2RulesEngine.remove_rule": {"executed_lines": [], "summary": {"covered_lines": 0, "num_statements": 1, "percent_covered": 0.0, "percent_covered_display": "0", "missing_lines": 1, "excluded_lines": 0}, "missing_lines": [266], "excluded_lines": []}, "AP2RulesEngine.get_rule_names": {"executed_lines": [], "summary": {"covered_lines": 0, "num_statements": 1, "percent_covered": 0.0, "percent_covered_display": "0", "missing_lines": 1, "excluded_lines": 0}, "missing_lines": [275], "excluded_lines": []}, "get_ap2_rules_engine": {"executed_lines": [285, 286, 287], "summary": {"covered_lines": 3, "num_statements": 3, "percent_covered": 100.0, "percent_covered_display": "100", "missing_lines": 0, "excluded_lines": 0}, "missing_lines": [], "excluded_lines": []}, "evaluate_ap2_rules": {"executed_lines": [292, 293], "summary": {"covered_lines": 2, "num_statements": 2, "percent_covered": 100.0, "percent_covered_display": "100", "missing_lines": 0, "excluded_lines": 0}, "missing_lines": [], "excluded_lines": []}, "": {"executed_lines": [1, 7, 16, 19, 20, 22, 41, 42, 44, 56, 57, 62, 63, 65, 70, 99, 190, 218, 250, 259, 268, 279, 282, 290], "summary": {"covered_lines": 20, "num_statements": 20, "percent_covered": 100.0, "percent_covered_display": "100", "missing_lines": 0, "excluded_lines": 0}, "missing_lines": [], "excluded_lines": []}}, "classes": {"AP2RuleResult": {"executed_lines": [36, 37, 38], "summary": {"covered_lines": 3, "num_statements": 3, "percent_covered": 100.0, "percent_covered_display": "100", "missing_lines": 0, "excluded_lines": 0}, "missing_lines": [], "excluded_lines": []}, "AP2Rule": {"executed_lines": [], "summary": {"covered_lines": 0, "num_statements": 2, "percent_covered": 0.0, "percent_covered_display": "0", "missing_lines": 2, "excluded_lines": 0}, "missing_lines": [54, 59], "excluded_lines": []}, "AP2RulesEngine": {"executed_lines": [67, 68, 72, 82, 113, 116, 119, 120, 121, 122, 125, 126, 127, 128, 129, 130, 131, 134, 135, 136, 137, 138, 146, 149, 150, 156, 161, 162, 164, 174, 183, 186, 188, 200, 201, 203, 206, 209, 212, 215, 232, 235, 236, 237, 238, 239, 240, 241, 243, 247, 248], "summary": {"covered_lines": 51, "num_statements": 64, "percent_covered": 79.6875, "percent_covered_display": "80", "missing_lines": 13, "excluded_lines": 0}, "missing_lines": [140, 142, 143, 204, 207, 210, 213, 216, 242, 244, 257, 266, 275], "excluded_lines": []}, "": {"executed_lines": [1, 7, 16, 19, 20, 22, 41, 42, 44, 56, 57, 62, 63, 65, 70, 99, 190, 218, 250, 259, 268, 279, 282, 285, 286, 287, 290, 292, 293], "summary": {"covered_lines": 25, "num_statements": 25, "percent_covered": 100.0, "percent_covered_display": "100", "missing_lines": 0, "excluded_lines": 0}, "missing_lines": [], "excluded_lines": []}}}, "src/orca/core/versioning.py": {"executed_lines": [1, 7, 9, 12, 13, 14, 17, 18, 21, 22, 25, 26, 28, 30, 31, 32, 34, 38, 40, 42, 46, 57, 66, 67, 68, 69, 73, 89, 100, 125, 154, 173, 216, 219, 222, 223, 224, 227, 232, 234, 237, 242, 244, 247, 252, 259, 264, 269, 299, 309, 310, 311, 312, 317, 326, 329], "summary": {"covered_lines": 54, "num_statements": 115, "percent_covered": 46.95652173913044, "percent_covered_display": "47", "missing_lines": 61, "excluded_lines": 0}, "missing_lines": [36, 44, 55, 70, 71, 82, 83, 84, 85, 86, 87, 98, 112, 118, 119, 120, 121, 123, 137, 138, 139, 141, 142, 143, 144, 149, 151, 152, 164, 165, 166, 167, 168, 169, 171, 179, 229, 239, 249, 256, 261, 266, 282, 285, 286, 287, 288, 290, 293, 294, 296, 314, 318, 319, 320, 322, 338, 339, 340, 341, 343], "excluded_lines": [], "functions": {"VersionManager.__init__": {"executed_lines": [30, 31, 32], "summary": {"covered_lines": 3, "num_statements": 3, "percent_covered": 100.0, "percent_covered_display": "100", "missing_lines": 0, "excluded_lines": 0}, "missing_lines": [], "excluded_lines": []}, "VersionManager.get_ap2_version": {"executed_lines": [], "summary": {"covered_lines": 0, "num_statements": 1, "percent_covered": 0.0, "percent_covered_display": "0", "missing_lines": 1, "excluded_lines": 0}, "missing_lines": [36], "excluded_lines": []}, "VersionManager.get_ml_model_version": {"executed_lines": [40], "summary": {"covered_lines": 1, "num_statements": 1, "percent_covered": 100.0, "percent_covered_display": "100", "missing_lines": 0, "excluded_lines": 0}, "missing_lines": [], "excluded_lines": []}, "VersionManager.get_legacy_version": {"executed_lines": [], "summary": {"covered_lines": 0, "num_statements": 1, "percent_covered": 0.0, "percent_covered_display": "0", "missing_lines": 1, "excluded_lines": 0}, "missing_lines": [44], "excluded_lines": []}, "VersionManager.get_content_type": {"executed_lines": [], "summary": {"covered_lines": 0, "num_statements": 1, "percent_covered": 0.0, "percent_covered_display": "0", "missing_lines": 1, "excluded_lines": 0}, "missing_lines": [55], "excluded_lines": []}, "VersionManager.is_ap2_compatible": {"executed_lines": [66, 67, 68, 69], "summary": {"covered_lines": 4, "num_statements": 6, "percent_covered": 66.66666666666667, "percent_covered_display": "67", "missing_lines": 2, "excluded_lines": 0}, "missing_lines": [70, 71], "excluded_lines": []}, "VersionManager.is_legacy_version": {"executed_lines": [], "summary": {"covered_lines": 0, "num_statements": 6, "percent_covered": 0.0, "percent_covered_display": "0", "missing_lines": 6, "excluded_lines": 0}, "missing_lines": [82, 83, 84, 85, 86, 87], "excluded_lines": []}, "VersionManager.get_model_version_from_meta": {"executed_lines": [], "summary": {"covered_lines": 0, "num_statements": 1, "percent_covered": 0.0, "percent_covered_display": "0", "missing_lines": 1, "excluded_lines": 0}, "missing_lines": [98], "excluded_lines": []}, "VersionManager.create_version_info": {"executed_lines": [], "summary": {"covered_lines": 0, "num_statements": 6, "percent_covered": 0.0, "percent_covered_display": "0", "missing_lines": 6, "excluded_lines": 0}, "missing_lines": [112, 118, 119, 120, 121, 123], "excluded_lines": []}, "VersionManager.validate_version_compatibility": {"executed_lines": [], "summary": {"covered_lines": 0, "num_statements": 10, "percent_covered": 0.0, "percent_covered_display": "0", "missing_lines": 10, "excluded_lines": 0}, "missing_lines": [137, 138, 139, 141, 142, 143, 144, 149, 151, 152], "excluded_lines": []}, "VersionManager.get_migration_path": {"executed_lines": [], "summary": {"covered_lines": 0, "num_statements": 7, "percent_covered": 0.0, "percent_covered_display": "0", "missing_lines": 7, "excluded_lines": 0}, "missing_lines": [164, 165, 166, 167, 168, 169, 171], "excluded_lines": []}, "VersionManager.get_supported_versions": {"executed_lines": [], "summary": {"covered_lines": 0, "num_statements": 1, "percent_covered": 0.0, "percent_covered_display": "0", "missing_lines": 1, "excluded_lines": 0}, "missing_lines": [179], "excluded_lines": []}, "get_version_manager": {"executed_lines": [222, 223, 224], "summary": {"covered_lines": 3, "num_statements": 3, "percent_covered": 100.0, "percent_covered_display": "100", "missing_lines": 0, "excluded_lines": 0}, "missing_lines": [], "excluded_lines": []}, "get_ap2_version": {"executed_lines": [], "summary": {"covered_lines": 0, "num_statements": 1, "percent_covered": 0.0, "percent_covered_display": "0", "missing_lines": 1, "excluded_lines": 0}, "missing_lines": [229], "excluded_lines": []}, "get_ml_model_version": {"executed_lines": [234], "summary": {"covered_lines": 1, "num_statements": 1, "percent_covered": 100.0, "percent_covered_display": "100", "missing_lines": 0, "excluded_lines": 0}, "missing_lines": [], "excluded_lines": []}, "get_content_type": {"executed_lines": [], "summary": {"covered_lines": 0, "num_statements": 1, "percent_covered": 0.0, "percent_covered_display": "0", "missing_lines": 1, "excluded_lines": 0}, "missing_lines": [239], "excluded_lines": []}, "is_ap2_compatible": {"executed_lines": [244], "summary": {"covered_lines": 1, "num_statements": 1, "percent_covered": 100.0, "percent_covered_display": "100", "missing_lines": 0, "excluded_lines": 0}, "missing_lines": [], "excluded_lines": []}, "is_legacy_version": {"executed_lines": [], "summary": {"covered_lines": 0, "num_statements": 1, "percent_covered": 0.0, "percent_covered_display": "0", "missing_lines": 1, "excluded_lines": 0}, "missing_lines": [249], "excluded_lines": []}, "create_version_info": {"executed_lines": [], "summary": {"covered_lines": 0, "num_statements": 1, "percent_covered": 0.0, "percent_covered_display": "0", "missing_lines": 1, "excluded_lines": 0}, "missing_lines": [256], "excluded_lines": []}, "get_migration_path": {"executed_lines": [], "summary": {"covered_lines": 0, "num_statements": 1, "percent_covered": 0.0, "percent_covered_display": "0", "missing_lines": 1, "excluded_lines": 0}, "missing_lines": [261], "excluded_lines": []}, "get_supported_versions": {"executed_lines": [], "summary": {"covered_lines": 0, "num_statements": 1, "percent_covered": 0.0, "percent_covered_display": "0", "missing_lines": 1, "excluded_lines": 0}, "missing_lines": [266], "excluded_lines": []}, "attach_model_version_to_decision_meta": {"executed_lines": [], "summary": {"covered_lines": 0, "num_statements": 9, "percent_covered": 0.0, "percent_covered_display": "0", "missing_lines": 9, "excluded_lines": 0}, "missing_lines": [282, 285, 286, 287, 288, 290, 293, 294, 296], "excluded_lines": []}, "validate_contract_version": {"executed_lines": [309, 310, 311, 312, 317, 326], "summary": {"covered_lines": 6, "num_statements": 11, "percent_covered": 54.54545454545455, "percent_covered_display": "55", "missing_lines": 5, "excluded_lines": 0}, "missing_lines": [314, 318, 319, 320, 322], "excluded_lines": []}, "get_contract_type": {"executed_lines": [], "summary": {"covered_lines": 0, "num_statements": 5, "percent_covered": 0.0, "percent_covered_display": "0", "missing_lines": 5, "excluded_lines": 0}, "missing_lines": [338, 339, 340, 341, 343], "excluded_lines": []}, "": {"executed_lines": [1, 7, 9, 12, 13, 14, 17, 18, 21, 22, 25, 26, 28, 34, 38, 42, 46, 57, 73, 89, 100, 125, 154, 173, 216, 219, 227, 232, 237, 242, 247, 252, 259, 264, 269, 299, 329], "summary": {"covered_lines": 35, "num_statements": 35, "percent_covered": 100.0, "percent_covered_display": "100", "missing_lines": 0, "excluded_lines": 0}, "missing_lines": [], "excluded_lines": []}}, "classes": {"VersionManager": {"executed_lines": [30, 31, 32, 40, 66, 67, 68, 69], "summary": {"covered_lines": 8, "num_statements": 44, "percent_covered": 18.181818181818183, "percent_covered_display": "18", "missing_lines": 36, "excluded_lines": 0}, "missing_lines": [36, 44, 55, 70, 71, 82, 83, 84, 85, 86, 87, 98, 112, 118, 119, 120, 121, 123, 137, 138, 139, 141, 142, 143, 144, 149, 151, 152, 164, 165, 166, 167, 168, 169, 171, 179], "excluded_lines": []}, "": {"executed_lines": [1, 7, 9, 12, 13, 14, 17, 18, 21, 22, 25, 26, 28, 34, 38, 42, 46, 57, 73, 89, 100, 125, 154, 173, 216, 219, 222, 223, 224, 227, 232, 234, 237, 242, 244, 247, 252, 259, 264, 269, 299, 309, 310, 311, 312, 317, 326, 329], "summary": {"covered_lines": 46, "num_statements": 71, "percent_covered": 64.78873239436619, "percent_covered_display": "65", "missing_lines": 25, "excluded_lines": 0}, "missing_lines": [229, 239, 249, 256, 261, 266, 282, 285, 286, 287, 288, 290, 293, 294, 296, 314, 318, 319, 320, 322, 338, 339, 340, 341, 343], "excluded_lines": []}}}, "src/orca/crypto/__init__.py": {"executed_lines": [1], "summary": {"covered_lines": 0, "num_statements": 0, "percent_covered": 100.0, "percent_covered_display": "100", "missing_lines": 0, "excluded_lines": 0}, "missing_lines": [], "excluded_lines": [], "functions": {"": {"executed_lines": [1], "summary": {"covered_lines": 0, "num_statements": 0, "percent_covered": 100.0, "percent_covered_display": "100", "missing_lines": 0, "excluded_lines": 0}, "missing_lines": [], "excluded_lines": []}}, "classes": {"": {"executed_lines": [1], "summary": {"covered_lines": 0, "num_statements": 0, "percent_covered": 100.0, "percent_covered_display": "100", "missing_lines": 0, "excluded_lines": 0}, "missing_lines": [], "excluded_lines": []}}}, "src/orca/crypto/keys.py": {"executed_lines": [1, 7, 8, 10, 11, 12, 15, 16, 18, 20, 21, 22, 24, 31, 33, 34, 35, 56, 63, 65, 66, 69, 75, 81, 82, 83, 85, 91, 98, 100, 107, 109, 116, 118, 125, 127, 134, 137, 139, 144, 150, 151, 152, 155, 163, 166, 169, 170, 171, 174, 181, 184, 188, 189, 190, 195, 203, 204, 207, 213, 217], "summary": {"covered_lines": 59, "num_statements": 79, "percent_covered": 74.68354430379746, "percent_covered_display": "75", "missing_lines": 20, "excluded_lines": 0}, "missing_lines": [38, 39, 40, 43, 46, 47, 48, 50, 52, 53, 54, 87, 88, 89, 135, 157, 158, 159, 185, 192], "excluded_lines": [], "functions": {"KeyManager.__init__": {"executed_lines": [20, 21, 22], "summary": {"covered_lines": 3, "num_statements": 3, "percent_covered": 100.0, "percent_covered_display": "100", "missing_lines": 0, "excluded_lines": 0}, "missing_lines": [], "excluded_lines": []}, "KeyManager.load_keys_from_env": {"executed_lines": [31, 33, 34, 35], "summary": {"covered_lines": 4, "num_statements": 15, "percent_covered": 26.666666666666668, "percent_covered_display": "27", "missing_lines": 11, "excluded_lines": 0}, "missing_lines": [38, 39, 40, 43, 46, 47, 48, 50, 52, 53, 54], "excluded_lines": []}, "KeyManager.load_test_keys": {"executed_lines": [63, 65, 66, 69, 75, 81, 82, 83, 85], "summary": {"covered_lines": 9, "num_statements": 12, "percent_covered": 75.0, "percent_covered_display": "75", "missing_lines": 3, "excluded_lines": 0}, "missing_lines": [87, 88, 89], "excluded_lines": []}, "KeyManager.get_private_key": {"executed_lines": [98], "summary": {"covered_lines": 1, "num_statements": 1, "percent_covered": 100.0, "percent_covered_display": "100", "missing_lines": 0, "excluded_lines": 0}, "missing_lines": [], "excluded_lines": []}, "KeyManager.get_public_key": {"executed_lines": [107], "summary": {"covered_lines": 1, "num_statements": 1, "percent_covered": 100.0, "percent_covered_display": "100", "missing_lines": 0, "excluded_lines": 0}, "missing_lines": [], "excluded_lines": []}, "KeyManager.get_key_id": {"executed_lines": [116], "summary": {"covered_lines": 1, "num_statements": 1, "percent_covered": 100.0, "percent_covered_display": "100", "missing_lines": 0, "excluded_lines": 0}, "missing_lines": [], "excluded_lines": []}, "KeyManager.is_loaded": {"executed_lines": [125], "summary": {"covered_lines": 1, "num_statements": 1, "percent_covered": 100.0, "percent_covered_display": "100", "missing_lines": 0, "excluded_lines": 0}, "missing_lines": [], "excluded_lines": []}, "KeyManager.get_public_key_fingerprint": {"executed_lines": [134, 137, 139, 144, 150, 151, 152, 155], "summary": {"covered_lines": 8, "num_statements": 12, "percent_covered": 66.66666666666667, "percent_covered_display": "67", "missing_lines": 4, "excluded_lines": 0}, "missing_lines": [135, 157, 158, 159], "excluded_lines": []}, "get_key_manager": {"executed_lines": [169, 170, 171], "summary": {"covered_lines": 3, "num_statements": 3, "percent_covered": 100.0, "percent_covered_display": "100", "missing_lines": 0, "excluded_lines": 0}, "missing_lines": [], "excluded_lines": []}, "initialize_keys": {"executed_lines": [181, 184, 188, 189, 190], "summary": {"covered_lines": 5, "num_statements": 7, "percent_covered": 71.42857142857143, "percent_covered_display": "71", "missing_lines": 2, "excluded_lines": 0}, "missing_lines": [185, 192], "excluded_lines": []}, "get_test_keypair": {"executed_lines": [203, 204, 207, 213, 217], "summary": {"covered_lines": 5, "num_statements": 5, "percent_covered": 100.0, "percent_covered_display": "100", "missing_lines": 0, "excluded_lines": 0}, "missing_lines": [], "excluded_lines": []}, "": {"executed_lines": [1, 7, 8, 10, 11, 12, 15, 16, 18, 24, 56, 91, 100, 109, 118, 127, 163, 166, 174, 195], "summary": {"covered_lines": 18, "num_statements": 18, "percent_covered": 100.0, "percent_covered_display": "100", "missing_lines": 0, "excluded_lines": 0}, "missing_lines": [], "excluded_lines": []}}, "classes": {"KeyManager": {"executed_lines": [20, 21, 22, 31, 33, 34, 35, 63, 65, 66, 69, 75, 81, 82, 83, 85, 98, 107, 116, 125, 134, 137, 139, 144, 150, 151, 152, 155], "summary": {"covered_lines": 28, "num_statements": 46, "percent_covered": 60.869565217391305, "percent_covered_display": "61", "missing_lines": 18, "excluded_lines": 0}, "missing_lines": [38, 39, 40, 43, 46, 47, 48, 50, 52, 53, 54, 87, 88, 89, 135, 157, 158, 159], "excluded_lines": []}, "": {"executed_lines": [1, 7, 8, 10, 11, 12, 15, 16, 18, 24, 56, 91, 100, 109, 118, 127, 163, 166, 169, 170, 171, 174, 181, 184, 188, 189, 190, 195, 203, 204, 207, 213, 217], "summary": {"covered_lines": 31, "num_statements": 33, "percent_covered": 93.93939393939394, "percent_covered_display": "94", "missing_lines": 2, "excluded_lines": 0}, "missing_lines": [185, 192], "excluded_lines": []}}}, "src/orca/crypto/receipts.py": {"executed_lines": [1, 7, 8, 9, 10, 13, 14, 16, 18, 20, 31, 34, 37, 39, 41, 54, 55, 56, 57, 58, 59, 60, 63, 68, 69, 70, 72, 73, 74, 79, 80, 83, 84, 87, 88, 90, 91, 93, 97, 100, 101, 103, 105, 112, 115, 116, 117, 118, 120, 125, 128, 131, 134, 136, 138, 149, 151, 154, 160, 187, 190, 193, 194, 195, 198, 208, 209], "summary": {"covered_lines": 65, "num_statements": 71, "percent_covered": 91.54929577464789, "percent_covered_display": "92", "missing_lines": 6, "excluded_lines": 0}, "missing_lines": [61, 156, 157, 158, 170, 183], "excluded_lines": [], "functions": {"ReceiptHasher.__init__": {"executed_lines": [18], "summary": {"covered_lines": 1, "num_statements": 1, "percent_covered": 100.0, "percent_covered_display": "100", "missing_lines": 0, "excluded_lines": 0}, "missing_lines": [], "excluded_lines": []}, "ReceiptHasher.make_receipt": {"executed_lines": [31, 34, 37, 39], "summary": {"covered_lines": 4, "num_statements": 4, "percent_covered": 100.0, "percent_covered_display": "100", "missing_lines": 0, "excluded_lines": 0}, "missing_lines": [], "excluded_lines": []}, "ReceiptHasher._create_receipt_data": {"executed_lines": [54, 63, 68, 69, 70, 72, 73, 74, 79, 80, 83, 84, 87, 88, 90, 91, 93, 97, 100, 101, 103, 105, 112, 115, 116, 117, 118, 120, 125, 128, 131, 134, 136], "summary": {"covered_lines": 33, "num_statements": 33, "percent_covered": 100.0, "percent_covered_display": "100", "missing_lines": 0, "excluded_lines": 0}, "missing_lines": [], "excluded_lines": []}, "ReceiptHasher._create_receipt_data.json_serializer": {"executed_lines": [55, 56, 57, 58, 59, 60], "summary": {"covered_lines": 6, "num_statements": 7, "percent_covered": 85.71428571428571, "percent_covered_display": "86", "missing_lines": 1, "excluded_lines": 0}, "missing_lines": [61], "excluded_lines": []}, "ReceiptHasher.verify_receipt": {"executed_lines": [149, 151, 154], "summary": {"covered_lines": 3, "num_statements": 6, "percent_covered": 50.0, "percent_covered_display": "50", "missing_lines": 3, "excluded_lines": 0}, "missing_lines": [156, 157, 158], "excluded_lines": []}, "ReceiptHasher.create_receipt_summary": {"executed_lines": [], "summary": {"covered_lines": 0, "num_statements": 2, "percent_covered": 0.0, "percent_covered_display": "0", "missing_lines": 2, "excluded_lines": 0}, "missing_lines": [170, 183], "excluded_lines": []}, "get_receipt_hasher": {"executed_lines": [193, 194, 195], "summary": {"covered_lines": 3, "num_statements": 3, "percent_covered": 100.0, "percent_covered_display": "100", "missing_lines": 0, "excluded_lines": 0}, "missing_lines": [], "excluded_lines": []}, "make_receipt": {"executed_lines": [208, 209], "summary": {"covered_lines": 2, "num_statements": 2, "percent_covered": 100.0, "percent_covered_display": "100", "missing_lines": 0, "excluded_lines": 0}, "missing_lines": [], "excluded_lines": []}, "": {"executed_lines": [1, 7, 8, 9, 10, 13, 14, 16, 20, 41, 138, 160, 187, 190, 198], "summary": {"covered_lines": 13, "num_statements": 13, "percent_covered": 100.0, "percent_covered_display": "100", "missing_lines": 0, "excluded_lines": 0}, "missing_lines": [], "excluded_lines": []}}, "classes": {"ReceiptHasher": {"executed_lines": [18, 31, 34, 37, 39, 54, 55, 56, 57, 58, 59, 60, 63, 68, 69, 70, 72, 73, 74, 79, 80, 83, 84, 87, 88, 90, 91, 93, 97, 100, 101, 103, 105, 112, 115, 116, 117, 118, 120, 125, 128, 131, 134, 136, 149, 151, 154], "summary": {"covered_lines": 47, "num_statements": 53, "percent_covered": 88.67924528301887, "percent_covered_display": "89", "missing_lines": 6, "excluded_lines": 0}, "missing_lines": [61, 156, 157, 158, 170, 183], "excluded_lines": []}, "": {"executed_lines": [1, 7, 8, 9, 10, 13, 14, 16, 20, 41, 138, 160, 187, 190, 193, 194, 195, 198, 208, 209], "summary": {"covered_lines": 18, "num_statements": 18, "percent_covered": 100.0, "percent_covered_display": "100", "missing_lines": 0, "excluded_lines": 0}, "missing_lines": [], "excluded_lines": []}}}, "src/orca/crypto/signing.py": {"executed_lines": [1, 6, 7, 8, 9, 11, 12, 14, 17, 18, 20, 22, 24, 34, 38, 40, 43, 46, 48, 54, 65, 66, 68, 72, 73, 77, 85, 87, 97, 98, 102, 107, 111, 113, 114, 119, 121, 132, 133, 136, 138, 140, 151, 153, 154, 158, 163, 164, 168, 171, 172, 173, 177, 179, 180, 184, 192, 195, 198, 199, 200, 203, 213, 214], "summary": {"covered_lines": 62, "num_statements": 77, "percent_covered": 80.51948051948052, "percent_covered_display": "81", "missing_lines": 15, "excluded_lines": 0}, "missing_lines": [35, 36, 50, 51, 52, 69, 74, 99, 116, 155, 165, 182, 186, 187, 188], "excluded_lines": [], "functions": {"VCSigner.__init__": {"executed_lines": [22], "summary": {"covered_lines": 1, "num_statements": 1, "percent_covered": 100.0, "percent_covered_display": "100", "missing_lines": 0, "excluded_lines": 0}, "missing_lines": [], "excluded_lines": []}, "VCSigner.sign_decision": {"executed_lines": [34, 38, 40, 43, 46, 48], "summary": {"covered_lines": 6, "num_statements": 11, "percent_covered": 54.54545454545455, "percent_covered_display": "55", "missing_lines": 5, "excluded_lines": 0}, "missing_lines": [35, 36, 50, 51, 52], "excluded_lines": []}, "VCSigner._create_proof": {"executed_lines": [65, 66, 68, 72, 73, 77, 85], "summary": {"covered_lines": 7, "num_statements": 9, "percent_covered": 77.77777777777777, "percent_covered_display": "78", "missing_lines": 2, "excluded_lines": 0}, "missing_lines": [69, 74], "excluded_lines": []}, "VCSigner._sign_proof": {"executed_lines": [97, 98, 102, 107, 111, 113, 114, 119], "summary": {"covered_lines": 8, "num_statements": 10, "percent_covered": 80.0, "percent_covered_display": "80", "missing_lines": 2, "excluded_lines": 0}, "missing_lines": [99, 116], "excluded_lines": []}, "VCSigner._create_canonical_json": {"executed_lines": [132, 133, 136, 138], "summary": {"covered_lines": 4, "num_statements": 4, "percent_covered": 100.0, "percent_covered_display": "100", "missing_lines": 0, "excluded_lines": 0}, "missing_lines": [], "excluded_lines": []}, "VCSigner.verify_signature": {"executed_lines": [151, 153, 154, 158, 163, 164, 168, 171, 172, 173, 177, 179, 180, 184], "summary": {"covered_lines": 14, "num_statements": 20, "percent_covered": 70.0, "percent_covered_display": "70", "missing_lines": 6, "excluded_lines": 0}, "missing_lines": [155, 165, 182, 186, 187, 188], "excluded_lines": []}, "get_vc_signer": {"executed_lines": [198, 199, 200], "summary": {"covered_lines": 3, "num_statements": 3, "percent_covered": 100.0, "percent_covered_display": "100", "missing_lines": 0, "excluded_lines": 0}, "missing_lines": [], "excluded_lines": []}, "sign_decision": {"executed_lines": [213, 214], "summary": {"covered_lines": 2, "num_statements": 2, "percent_covered": 100.0, "percent_covered_display": "100", "missing_lines": 0, "excluded_lines": 0}, "missing_lines": [], "excluded_lines": []}, "": {"executed_lines": [1, 6, 7, 8, 9, 11, 12, 14, 17, 18, 20, 24, 54, 87, 121, 140, 192, 195, 203], "summary": {"covered_lines": 17, "num_statements": 17, "percent_covered": 100.0, "percent_covered_display": "100", "missing_lines": 0, "excluded_lines": 0}, "missing_lines": [], "excluded_lines": []}}, "classes": {"VCSigner": {"executed_lines": [22, 34, 38, 40, 43, 46, 48, 65, 66, 68, 72, 73, 77, 85, 97, 98, 102, 107, 111, 113, 114, 119, 132, 133, 136, 138, 151, 153, 154, 158, 163, 164, 168, 171, 172, 173, 177, 179, 180, 184], "summary": {"covered_lines": 40, "num_statements": 55, "percent_covered": 72.72727272727273, "percent_covered_display": "73", "missing_lines": 15, "excluded_lines": 0}, "missing_lines": [35, 36, 50, 51, 52, 69, 74, 99, 116, 155, 165, 182, 186, 187, 188], "excluded_lines": []}, "": {"executed_lines": [1, 6, 7, 8, 9, 11, 12, 14, 17, 18, 20, 24, 54, 87, 121, 140, 192, 195, 198, 199, 200, 203, 213, 214], "summary": {"covered_lines": 22, "num_statements": 22, "percent_covered": 100.0, "percent_covered_display": "100", "missing_lines": 0, "excluded_lines": 0}, "missing_lines": [], "excluded_lines": []}}}, "src/orca/engine.py": {"executed_lines": [1, 3, 4, 7, 8, 9, 11, 12, 13, 14, 15, 18, 22, 24, 25, 36, 37, 49], "summary": {"covered_lines": 16, "num_statements": 16, "percent_covered": 100.0, "percent_covered_display": "100", "missing_lines": 0, "excluded_lines": 0}, "missing_lines": [], "excluded_lines": [], "functions": {"decide": {"executed_lines": [22, 24, 25, 36, 37, 49], "summary": {"covered_lines": 6, "num_statements": 6, "percent_covered": 100.0, "percent_covered_display": "100", "missing_lines": 0, "excluded_lines": 0}, "missing_lines": [], "excluded_lines": []}, "": {"executed_lines": [1, 3, 4, 7, 8, 9, 11, 12, 13, 14, 15, 18], "summary": {"covered_lines": 10, "num_statements": 10, "percent_covered": 100.0, "percent_covered_display": "100", "missing_lines": 0, "excluded_lines": 0}, "missing_lines": [], "excluded_lines": []}}, "classes": {"Decision": {"executed_lines": [], "summary": {"covered_lines": 0, "num_statements": 0, "percent_covered": 100.0, "percent_covered_display": "100", "missing_lines": 0, "excluded_lines": 0}, "missing_lines": [], "excluded_lines": []}, "": {"executed_lines": [1, 3, 4, 7, 8, 9, 11, 12, 13, 14, 15, 18, 22, 24, 25, 36, 37, 49], "summary": {"covered_lines": 16, "num_statements": 16, "percent_covered": 100.0, "percent_covered_display": "100", "missing_lines": 0, "excluded_lines": 0}, "missing_lines": [], "excluded_lines": []}}}, "src/orca/explain/__init__.py": {"executed_lines": [1], "summary": {"covered_lines": 0, "num_statements": 0, "percent_covered": 100.0, "percent_covered_display": "100", "missing_lines": 0, "excluded_lines": 0}, "missing_lines": [], "excluded_lines": [], "functions": {"": {"executed_lines": [1], "summary": {"covered_lines": 0, "num_statements": 0, "percent_covered": 100.0, "percent_covered_display": "100", "missing_lines": 0, "excluded_lines": 0}, "missing_lines": [], "excluded_lines": []}}, "classes": {"": {"executed_lines": [1], "summary": {"covered_lines": 0, "num_statements": 0, "percent_covered": 100.0, "percent_covered_display": "100", "missing_lines": 0, "excluded_lines": 0}, "missing_lines": [], "excluded_lines": []}}}, "src/orca/explain/nlg.py": {"executed_lines": [1, 7, 9, 12, 13, 15, 17, 19, 21, 58, 69, 70, 71, 72, 75, 78, 81, 82, 85, 86, 87, 90, 91, 92, 95, 96, 97, 99, 101, 105, 107, 108, 109, 111, 113, 117, 118, 121, 123, 124, 125, 129, 133, 135, 136, 137, 139, 141, 145, 146, 149, 151, 152, 153, 157, 159, 162, 163, 164, 167, 168, 169, 170, 171, 174, 175, 176, 177, 178, 180, 182, 186, 189, 223, 224, 227, 228, 229, 230, 232, 234, 238, 241, 272, 273, 276, 277, 278, 279, 281, 283, 293, 295, 296, 301, 304, 309, 315, 323, 324, 325, 326, 327, 328, 329, 331, 333, 348, 351, 354, 355, 356, 359, 360, 361, 364, 365, 366, 367, 368, 369, 370, 371, 372, 374, 375, 377, 381, 384, 387, 388, 389, 392, 402, 403, 406, 421, 422], "summary": {"covered_lines": 136, "num_statements": 141, "percent_covered": 96.45390070921985, "percent_covered_display": "96", "missing_lines": 5, "excluded_lines": 0}, "missing_lines": [127, 155, 298, 306, 307], "excluded_lines": [], "functions": {"AP2NLGExplainer.__init__": {"executed_lines": [17], "summary": {"covered_lines": 1, "num_statements": 1, "percent_covered": 100.0, "percent_covered_display": "100", "missing_lines": 0, "excluded_lines": 0}, "missing_lines": [], "excluded_lines": []}, "AP2NLGExplainer._build_field_guardrails": {"executed_lines": [21], "summary": {"covered_lines": 1, "num_statements": 1, "percent_covered": 100.0, "percent_covered_display": "100", "missing_lines": 0, "excluded_lines": 0}, "missing_lines": [], "excluded_lines": []}, "AP2NLGExplainer.explain_decision": {"executed_lines": [69, 70, 71, 72, 75, 78, 81, 82, 85, 86, 87, 90, 91, 92, 95, 96, 97, 99], "summary": {"covered_lines": 18, "num_statements": 18, "percent_covered": 100.0, "percent_covered_display": "100", "missing_lines": 0, "excluded_lines": 0}, "missing_lines": [], "excluded_lines": []}, "AP2NLGExplainer._explain_reasons_with_ap2_fields": {"executed_lines": [105, 107, 108, 109, 111], "summary": {"covered_lines": 5, "num_statements": 5, "percent_covered": 100.0, "percent_covered_display": "100", "missing_lines": 0, "excluded_lines": 0}, "missing_lines": [], "excluded_lines": []}, "AP2NLGExplainer._explain_single_reason_with_ap2_fields": {"executed_lines": [117, 118, 121, 123, 124, 125], "summary": {"covered_lines": 6, "num_statements": 7, "percent_covered": 85.71428571428571, "percent_covered_display": "86", "missing_lines": 1, "excluded_lines": 0}, "missing_lines": [127], "excluded_lines": []}, "AP2NLGExplainer._explain_actions_with_ap2_fields": {"executed_lines": [133, 135, 136, 137, 139], "summary": {"covered_lines": 5, "num_statements": 5, "percent_covered": 100.0, "percent_covered_display": "100", "missing_lines": 0, "excluded_lines": 0}, "missing_lines": [], "excluded_lines": []}, "AP2NLGExplainer._explain_single_action_with_ap2_fields": {"executed_lines": [145, 146, 149, 151, 152, 153], "summary": {"covered_lines": 6, "num_statements": 7, "percent_covered": 85.71428571428571, "percent_covered_display": "86", "missing_lines": 1, "excluded_lines": 0}, "missing_lines": [155], "excluded_lines": []}, "AP2NLGExplainer._explain_ap2_context": {"executed_lines": [159, 162, 163, 164, 167, 168, 169, 170, 171, 174, 175, 176, 177, 178, 180], "summary": {"covered_lines": 15, "num_statements": 15, "percent_covered": 100.0, "percent_covered_display": "100", "missing_lines": 0, "excluded_lines": 0}, "missing_lines": [], "excluded_lines": []}, "AP2NLGExplainer._get_ap2_citations_for_reason": {"executed_lines": [186, 189, 223, 224, 227, 228, 229, 230, 232], "summary": {"covered_lines": 9, "num_statements": 9, "percent_covered": 100.0, "percent_covered_display": "100", "missing_lines": 0, "excluded_lines": 0}, "missing_lines": [], "excluded_lines": []}, "AP2NLGExplainer._get_ap2_citations_for_action": {"executed_lines": [238, 241, 272, 273, 276, 277, 278, 279, 281], "summary": {"covered_lines": 9, "num_statements": 9, "percent_covered": 100.0, "percent_covered_display": "100", "missing_lines": 0, "excluded_lines": 0}, "missing_lines": [], "excluded_lines": []}, "AP2NLGExplainer._validate_field_citation": {"executed_lines": [293, 295, 296, 301, 304], "summary": {"covered_lines": 5, "num_statements": 8, "percent_covered": 62.5, "percent_covered_display": "62", "missing_lines": 3, "excluded_lines": 0}, "missing_lines": [298, 306, 307], "excluded_lines": []}, "AP2NLGExplainer._convert_to_internal_path": {"executed_lines": [315, 323, 324, 325, 326, 327, 328, 329, 331], "summary": {"covered_lines": 9, "num_statements": 9, "percent_covered": 100.0, "percent_covered_display": "100", "missing_lines": 0, "excluded_lines": 0}, "missing_lines": [], "excluded_lines": []}, "AP2NLGExplainer.explain_decision_legacy": {"executed_lines": [348, 351, 354, 355, 356, 359, 360, 361, 364, 365, 366, 367, 368, 369, 370, 371, 372, 374, 375, 377], "summary": {"covered_lines": 20, "num_statements": 20, "percent_covered": 100.0, "percent_covered_display": "100", "missing_lines": 0, "excluded_lines": 0}, "missing_lines": [], "excluded_lines": []}, "get_ap2_nlg_explainer": {"executed_lines": [387, 388, 389], "summary": {"covered_lines": 3, "num_statements": 3, "percent_covered": 100.0, "percent_covered_display": "100", "missing_lines": 0, "excluded_lines": 0}, "missing_lines": [], "excluded_lines": []}, "explain_ap2_decision": {"executed_lines": [402, 403], "summary": {"covered_lines": 2, "num_statements": 2, "percent_covered": 100.0, "percent_covered_display": "100", "missing_lines": 0, "excluded_lines": 0}, "missing_lines": [], "excluded_lines": []}, "explain_legacy_decision": {"executed_lines": [421, 422], "summary": {"covered_lines": 2, "num_statements": 2, "percent_covered": 100.0, "percent_covered_display": "100", "missing_lines": 0, "excluded_lines": 0}, "missing_lines": [], "excluded_lines": []}, "": {"executed_lines": [1, 7, 9, 12, 13, 15, 19, 58, 101, 113, 129, 141, 157, 182, 234, 283, 309, 333, 381, 384, 392, 406], "summary": {"covered_lines": 20, "num_statements": 20, "percent_covered": 100.0, "percent_covered_display": "100", "missing_lines": 0, "excluded_lines": 0}, "missing_lines": [], "excluded_lines": []}}, "classes": {"AP2NLGExplainer": {"executed_lines": [17, 21, 69, 70, 71, 72, 75, 78, 81, 82, 85, 86, 87, 90, 91, 92, 95, 96, 97, 99, 105, 107, 108, 109, 111, 117, 118, 121, 123, 124, 125, 133, 135, 136, 137, 139, 145, 146, 149, 151, 152, 153, 159, 162, 163, 164, 167, 168, 169, 170, 171, 174, 175, 176, 177, 178, 180, 186, 189, 223, 224, 227, 228, 229, 230, 232, 238, 241, 272, 273, 276, 277, 278, 279, 281, 293, 295, 296, 301, 304, 315, 323, 324, 325, 326, 327, 328, 329, 331, 348, 351, 354, 355, 356, 359, 360, 361, 364, 365, 366, 367, 368, 369, 370, 371, 372, 374, 375, 377], "summary": {"covered_lines": 109, "num_statements": 114, "percent_covered": 95.6140350877193, "percent_covered_display": "96", "missing_lines": 5, "excluded_lines": 0}, "missing_lines": [127, 155, 298, 306, 307], "excluded_lines": []}, "": {"executed_lines": [1, 7, 9, 12, 13, 15, 19, 58, 101, 113, 129, 141, 157, 182, 234, 283, 309, 333, 381, 384, 387, 388, 389, 392, 402, 403, 406, 421, 422], "summary": {"covered_lines": 27, "num_statements": 27, "percent_covered": 100.0, "percent_covered_display": "100", "missing_lines": 0, "excluded_lines": 0}, "missing_lines": [], "excluded_lines": []}}}, "src/orca/mandates/__init__.py": {"executed_lines": [1], "summary": {"covered_lines": 0, "num_statements": 0, "percent_covered": 100.0, "percent_covered_display": "100", "missing_lines": 0, "excluded_lines": 0}, "missing_lines": [], "excluded_lines": [], "functions": {"": {"executed_lines": [1], "summary": {"covered_lines": 0, "num_statements": 0, "percent_covered": 100.0, "percent_covered_display": "100", "missing_lines": 0, "excluded_lines": 0}, "missing_lines": [], "excluded_lines": []}}, "classes": {"": {"executed_lines": [1], "summary": {"covered_lines": 0, "num_statements": 0, "percent_covered": 100.0, "percent_covered_display": "100", "missing_lines": 0, "excluded_lines": 0}, "missing_lines": [], "excluded_lines": []}}}, "src/orca/mandates/ap2_types.py": {"executed_lines": [1, 7, 8, 9, 10, 11, 13, 16, 17, 19, 20, 21, 24, 25, 27, 28, 29, 30, 31, 32, 35, 36, 38, 39, 40, 41, 42, 43, 46, 47, 49, 50, 51, 54, 55, 57, 58, 59, 60, 63, 64, 66, 67, 68, 69, 70, 73, 74, 76, 77, 78, 79, 82, 83, 85, 86, 87, 88, 89, 90, 91, 92, 94, 95, 96, 98, 99, 100, 102, 105, 106, 108, 109, 110, 111, 112, 113, 116, 117, 119, 120, 121, 124, 125, 127, 128, 129, 130, 131, 132, 133, 135, 136, 137, 139, 140, 141, 142, 143, 145, 146, 147, 149, 150, 151, 154, 155, 157, 158, 159, 160, 161, 162, 163, 165, 166, 167, 169, 170, 171, 172, 173, 175, 176, 177, 179, 180, 181, 184, 185, 187, 188, 189, 190, 191, 194, 197, 199, 200, 202, 203, 204, 208, 210, 215, 217, 220, 222, 227, 229, 232, 234, 239, 241, 245, 247, 250, 252, 255, 257, 260, 262, 265, 267, 270, 272], "summary": {"covered_lines": 152, "num_statements": 159, "percent_covered": 95.59748427672956, "percent_covered_display": "96", "missing_lines": 7, "excluded_lines": 0}, "missing_lines": [101, 211, 213, 223, 225, 235, 237], "excluded_lines": [], "functions": {"CartItem.validate_total_price": {"executed_lines": [98, 99, 100, 102], "summary": {"covered_lines": 4, "num_statements": 5, "percent_covered": 80.0, "percent_covered_display": "80", "missing_lines": 1, "excluded_lines": 0}, "missing_lines": [101], "excluded_lines": []}, "IntentMandate.validate_timestamps": {"executed_lines": [139, 140, 141, 142, 143], "summary": {"covered_lines": 5, "num_statements": 5, "percent_covered": 100.0, "percent_covered_display": "100", "missing_lines": 0, "excluded_lines": 0}, "missing_lines": [], "excluded_lines": []}, "IntentMandate.validate_timestamp_order": {"executed_lines": [149, 150, 151], "summary": {"covered_lines": 3, "num_statements": 3, "percent_covered": 100.0, "percent_covered_display": "100", "missing_lines": 0, "excluded_lines": 0}, "missing_lines": [], "excluded_lines": []}, "CartMandate.validate_amount": {"executed_lines": [169, 170, 171, 172, 173], "summary": {"covered_lines": 5, "num_statements": 5, "percent_covered": 100.0, "percent_covered_display": "100", "missing_lines": 0, "excluded_lines": 0}, "missing_lines": [], "excluded_lines": []}, "CartMandate.validate_currency": {"executed_lines": [179, 180, 181], "summary": {"covered_lines": 3, "num_statements": 3, "percent_covered": 100.0, "percent_covered_display": "100", "missing_lines": 0, "excluded_lines
[...]
", "missing_lines": 0, "excluded_lines": 0}, "missing_lines": [], "excluded_lines": []}, "CardChannelRule": {"executed_lines": [90, 102, 103, 105, 107, 108, 113, 115, 117, 122], "summary": {"covered_lines": 10, "num_statements": 10, "percent_covered": 100.0, "percent_covered_display": "100", "missing_lines": 0, "excluded_lines": 0}, "missing_lines": [], "excluded_lines": []}, "": {"executed_lines": [1, 3, 4, 7, 8, 10, 19, 39, 40, 45, 46, 48, 57, 79, 80, 85, 86, 88, 92, 119, 120], "summary": {"covered_lines": 17, "num_statements": 17, "percent_covered": 100.0, "percent_covered_display": "100", "missing_lines": 0, "excluded_lines": 0}, "missing_lines": [], "excluded_lines": []}}}, "src/orca_core/rules/high_risk.py": {"executed_lines": [1, 3, 4, 5, 8, 9, 11, 18, 20, 31, 33, 34, 37, 38, 40, 42, 43, 45], "summary": {"covered_lines": 16, "num_statements": 16, "percent_covered": 100.0, "percent_covered_display": "100", "missing_lines": 0, "excluded_lines": 0}, "missing_lines": [], "excluded_lines": [], "functions": {"HighRiskRule.__init__": {"executed_lines": [18], "summary": {"covered_lines": 1, "num_statements": 1, "percent_covered": 100.0, "percent_covered_display": "100", "missing_lines": 0, "excluded_lines": 0}, "missing_lines": [], "excluded_lines": []}, "HighRiskRule.apply": {"executed_lines": [31, 33, 34, 37, 38, 40], "summary": {"covered_lines": 6, "num_statements": 6, "percent_covered": 100.0, "percent_covered_display": "100", "missing_lines": 0, "excluded_lines": 0}, "missing_lines": [], "excluded_lines": []}, "HighRiskRule.name": {"executed_lines": [45], "summary": {"covered_lines": 1, "num_statements": 1, "percent_covered": 100.0, "percent_covered_display": "100", "missing_lines": 0, "excluded_lines": 0}, "missing_lines": [], "excluded_lines": []}, "": {"executed_lines": [1, 3, 4, 5, 8, 9, 11, 20, 42, 43], "summary": {"covered_lines": 8, "num_statements": 8, "percent_covered": 100.0, "percent_covered_display": "100", "missing_lines": 0, "excluded_lines": 0}, "missing_lines": [], "excluded_lines": []}}, "classes": {"HighRiskRule": {"executed_lines": [18, 31, 33, 34, 37, 38, 40, 45], "summary": {"covered_lines": 8, "num_statements": 8, "percent_covered": 100.0, "percent_covered_display": "100", "missing_lines": 0, "excluded_lines": 0}, "missing_lines": [], "excluded_lines": []}, "": {"executed_lines": [1, 3, 4, 5, 8, 9, 11, 20, 42, 43], "summary": {"covered_lines": 8, "num_statements": 8, "percent_covered": 100.0, "percent_covered_display": "100", "missing_lines": 0, "excluded_lines": 0}, "missing_lines": [], "excluded_lines": []}}}, "src/orca_core/rules/high_ticket.py": {"executed_lines": [1, 3, 4, 7, 8, 10, 17, 19, 29, 30, 33, 34, 36, 38, 39, 41], "summary": {"covered_lines": 14, "num_statements": 14, "percent_covered": 100.0, "percent_covered_display": "100", "missing_lines": 0, "excluded_lines": 0}, "missing_lines": [], "excluded_lines": [], "functions": {"HighTicketRule.__init__": {"executed_lines": [17], "summary": {"covered_lines": 1, "num_statements": 1, "percent_covered": 100.0, "percent_covered_display": "100", "missing_lines": 0, "excluded_lines": 0}, "missing_lines": [], "excluded_lines": []}, "HighTicketRule.apply": {"executed_lines": [29, 30, 33, 34, 36], "summary": {"covered_lines": 5, "num_statements": 5, "percent_covered": 100.0, "percent_covered_display": "100", "missing_lines": 0, "excluded_lines": 0}, "missing_lines": [], "excluded_lines": []}, "HighTicketRule.name": {"executed_lines": [41], "summary": {"covered_lines": 1, "num_statements": 1, "percent_covered": 100.0, "percent_covered_display": "100", "missing_lines": 0, "excluded_lines": 0}, "missing_lines": [], "excluded_lines": []}, "": {"executed_lines": [1, 3, 4, 7, 8, 10, 19, 38, 39], "summary": {"covered_lines": 7, "num_statements": 7, "percent_covered": 100.0, "percent_covered_display": "100", "missing_lines": 0, "excluded_lines": 0}, "missing_lines": [], "excluded_lines": []}}, "classes": {"HighTicketRule": {"executed_lines": [17, 29, 30, 33, 34, 36, 41], "summary": {"covered_lines": 7, "num_statements": 7, "percent_covered": 100.0, "percent_covered_display": "100", "missing_lines": 0, "excluded_lines": 0}, "missing_lines": [], "excluded_lines": []}, "": {"executed_lines": [1, 3, 4, 7, 8, 10, 19, 38, 39], "summary": {"covered_lines": 7, "num_statements": 7, "percent_covered": 100.0, "percent_covered_display": "100", "missing_lines": 0, "excluded_lines": 0}, "missing_lines": [], "excluded_lines": []}}}, "src/orca_core/rules/registry.py": {"executed_lines": [1, 3, 4, 7, 14, 19, 28, 34, 53, 67, 68, 69, 70, 73, 74, 75, 76, 77, 78, 81, 82, 84, 87, 88, 90, 92, 94, 101, 103, 113, 114, 115, 118, 119, 122, 123, 124, 125, 126, 127, 128, 131, 132, 133, 134, 139, 140, 141, 142, 143, 145, 161, 163, 165, 167], "summary": {"covered_lines": 53, "num_statements": 55, "percent_covered": 96.36363636363636, "percent_covered_display": "96", "missing_lines": 2, "excluded_lines": 0}, "missing_lines": [135, 136], "excluded_lines": [], "functions": {"rules": {"executed_lines": [14, 19, 28, 34], "summary": {"covered_lines": 4, "num_statements": 4, "percent_covered": 100.0, "percent_covered_display": "100", "missing_lines": 0, "excluded_lines": 0}, "missing_lines": [], "excluded_lines": []}, "run_rules": {"executed_lines": [67, 68, 69, 70, 73, 74, 75, 76, 77, 78, 81, 82, 84], "summary": {"covered_lines": 13, "num_statements": 13, "percent_covered": 100.0, "percent_covered_display": "100", "missing_lines": 0, "excluded_lines": 0}, "missing_lines": [], "excluded_lines": []}, "RuleRegistry.__init__": {"executed_lines": [92], "summary": {"covered_lines": 1, "num_statements": 1, "percent_covered": 100.0, "percent_covered_display": "100", "missing_lines": 0, "excluded_lines": 0}, "missing_lines": [], "excluded_lines": []}, "RuleRegistry.register": {"executed_lines": [101], "summary": {"covered_lines": 1, "num_statements": 1, "percent_covered": 100.0, "percent_covered_display": "100", "missing_lines": 0, "excluded_lines": 0}, "missing_lines": [], "excluded_lines": []}, "RuleRegistry.evaluate": {"executed_lines": [113, 114, 115, 118, 119, 122, 123, 124, 125, 126, 127, 128, 131, 132, 133, 134, 139, 140, 141, 142, 143, 145], "summary": {"covered_lines": 22, "num_statements": 24, "percent_covered": 91.66666666666667, "percent_covered_display": "92", "missing_lines": 2, "excluded_lines": 0}, "missing_lines": [135, 136], "excluded_lines": []}, "RuleRegistry.clear": {"executed_lines": [163], "summary": {"covered_lines": 1, "num_statements": 1, "percent_covered": 100.0, "percent_covered_display": "100", "missing_lines": 0, "excluded_lines": 0}, "missing_lines": [], "excluded_lines": []}, "RuleRegistry.get_rule_count": {"executed_lines": [167], "summary": {"covered_lines": 1, "num_statements": 1, "percent_covered": 100.0, "percent_covered_display": "100", "missing_lines": 0, "excluded_lines": 0}, "missing_lines": [], "excluded_lines": []}, "": {"executed_lines": [1, 3, 4, 7, 53, 87, 88, 90, 94, 103, 161, 165], "summary": {"covered_lines": 10, "num_statements": 10, "percent_covered": 100.0, "percent_covered_display": "100", "missing_lines": 0, "excluded_lines": 0}, "missing_lines": [], "excluded_lines": []}}, "classes": {"RuleRegistry": {"executed_lines": [92, 101, 113, 114, 115, 118, 119, 122, 123, 124, 125, 126, 127, 128, 131, 132, 133, 134, 139, 140, 141, 142, 143, 145, 163, 167], "summary": {"covered_lines": 26, "num_statements": 28, "percent_covered": 92.85714285714286, "percent_covered_display": "93", "missing_lines": 2, "excluded_lines": 0}, "missing_lines": [135, 136], "excluded_lines": []}, "": {"executed_lines": [1, 3, 4, 7, 14, 19, 28, 34, 53, 67, 68, 69, 70, 73, 74, 75, 76, 77, 78, 81, 82, 84, 87, 88, 90, 94, 103, 161, 165], "summary": {"covered_lines": 27, "num_statements": 27, "percent_covered": 100.0, "percent_covered_display": "100", "missing_lines": 0, "excluded_lines": 0}, "missing_lines": [], "excluded_lines": []}}}, "src/orca_core/rules/velocity.py": {"executed_lines": [1, 3, 4, 7, 8, 10, 17, 19, 29, 31, 32, 35, 36, 38, 40, 41, 43], "summary": {"covered_lines": 15, "num_statements": 15, "percent_covered": 100.0, "percent_covered_display": "100", "missing_lines": 0, "excluded_lines": 0}, "missing_lines": [], "excluded_lines": [], "functions": {"VelocityRule.__init__": {"executed_lines": [17], "summary": {"covered_lines": 1, "num_statements": 1, "percent_covered": 100.0, "percent_covered_display": "100", "missing_lines": 0, "excluded_lines": 0}, "missing_lines": [], "excluded_lines": []}, "VelocityRule.apply": {"executed_lines": [29, 31, 32, 35, 36, 38], "summary": {"covered_lines": 6, "num_statements": 6, "percent_covered": 100.0, "percent_covered_display": "100", "missing_lines": 0, "excluded_lines": 0}, "missing_lines": [], "excluded_lines": []}, "VelocityRule.name": {"executed_lines": [43], "summary": {"covered_lines": 1, "num_statements": 1, "percent_covered": 100.0, "percent_covered_display": "100", "missing_lines": 0, "excluded_lines": 0}, "missing_lines": [], "excluded_lines": []}, "": {"executed_lines": [1, 3, 4, 7, 8, 10, 19, 40, 41], "summary": {"covered_lines": 7, "num_statements": 7, "percent_covered": 100.0, "percent_covered_display": "100", "missing_lines": 0, "excluded_lines": 0}, "missing_lines": [], "excluded_lines": []}}, "classes": {"VelocityRule": {"executed_lines": [17, 29, 31, 32, 35, 36, 38, 43], "summary": {"covered_lines": 8, "num_statements": 8, "percent_covered": 100.0, "percent_covered_display": "100", "missing_lines": 0, "excluded_lines": 0}, "missing_lines": [], "excluded_lines": []}, "": {"executed_lines": [1, 3, 4, 7, 8, 10, 19, 40, 41], "summary": {"covered_lines": 7, "num_statements": 7, "percent_covered": 100.0, "percent_covered_display": "100", "missing_lines": 0, "excluded_lines": 0}, "missing_lines": [], "excluded_lines": []}}}, "src/orca_core/ui/__init__.py": {"executed_lines": [], "summary": {"covered_lines": 0, "num_statements": 0, "percent_covered": 100.0, "percent_covered_display": "100", "missing_lines": 0, "excluded_lines": 0}, "missing_lines": [], "excluded_lines": [], "functions": {"": {"executed_lines": [], "summary": {"covered_lines": 0, "num_statements": 0, "percent_covered": 100.0, "percent_covered_display": "100", "missing_lines": 0, "excluded_lines": 0}, "missing_lines": [], "excluded_lines": []}}, "classes": {"": {"executed_lines": [], "summary": {"covered_lines": 0, "num_statements": 0, "percent_covered": 100.0, "percent_covered_display": "100", "missing_lines": 0, "excluded_lines": 0}, "missing_lines": [], "excluded_lines": []}}}, "src/orca_core/ui/debug_ui.py": {"executed_lines": [], "summary": {"covered_lines": 0, "num_statements": 281, "percent_covered": 0.0, "percent_covered_display": "0", "missing_lines": 281, "excluded_lines": 0}, "missing_lines": [8, 9, 10, 12, 13, 15, 18, 19, 20, 21, 24, 27, 29, 30, 32, 34, 41, 43, 44, 45, 46, 48, 50, 51, 54, 57, 58, 59, 64, 65, 70, 71, 72, 73, 74, 76, 79, 81, 84, 86, 89, 91, 93, 96, 97, 98, 101, 105, 109, 114, 115, 116, 123, 125, 127, 129, 132, 133, 135, 136, 139, 140, 143, 144, 146, 148, 150, 151, 152, 153, 155, 156, 158, 160, 161, 162, 165, 166, 167, 168, 169, 170, 173, 176, 177, 178, 180, 181, 183, 185, 186, 189, 198, 199, 201, 202, 204, 205, 207, 208, 210, 212, 215, 217, 218, 221, 222, 223, 224, 227, 228, 229, 230, 233, 234, 235, 238, 241, 242, 246, 247, 250, 251, 252, 254, 272, 275, 280, 283, 285, 286, 288, 291, 293, 294, 299, 301, 302, 305, 307, 308, 309, 312, 313, 315, 316, 317, 318, 320, 321, 322, 323, 326, 327, 328, 330, 332, 333, 334, 335, 337, 338, 339, 340, 343, 344, 345, 347, 349, 350, 352, 353, 354, 355, 358, 359, 361, 363, 365, 366, 367, 370, 371, 372, 388, 389, 392, 393, 395, 396, 398, 399, 400, 402, 403, 404, 406, 407, 408, 410, 412, 413, 415, 417, 418, 421, 422, 423, 424, 426, 427, 428, 432, 433, 434, 436, 439, 441, 442, 446, 448, 449, 450, 453, 454, 455, 458, 459, 460, 461, 463, 465, 469, 471, 472, 473, 485, 487, 498, 499, 504, 505, 507, 508, 510, 511, 513, 523, 525, 527, 530, 532, 534, 535, 536, 538, 539, 540, 541, 544, 545, 549, 552, 554, 555, 556, 557, 573, 576, 577, 580, 581, 582, 584, 586, 587, 590, 592, 593, 596, 597], "excluded_lines": [], "functions": {"OrcaDebugUI.__init__": {"executed_lines": [], "summary": {"covered_lines": 0, "num_statements": 2, "percent_covered": 0.0, "percent_covered_display": "0", "missing_lines": 2, "excluded_lines": 0}, "missing_lines": [29, 30], "excluded_lines": []}, "OrcaDebugUI.setup_page_config": {"executed_lines": [], "summary": {"covered_lines": 0, "num_statements": 1, "percent_covered": 0.0, "percent_covered_display": "0", "missing_lines": 1, "excluded_lines": 0}, "missing_lines": [34], "excluded_lines": []}, "OrcaDebugUI.initialize_session_state": {"executed_lines": [], "summary": {"covered_lines": 0, "num_statements": 4, "percent_covered": 0.0, "percent_covered_display": "0", "missing_lines": 4, "excluded_lines": 0}, "missing_lines": [43, 44, 45, 46], "excluded_lines": []}, "OrcaDebugUI.render_sidebar": {"executed_lines": [], "summary": {"covered_lines": 0, "num_statements": 19, "percent_covered": 0.0, "percent_covered_display": "0", "missing_lines": 19, "excluded_lines": 0}, "missing_lines": [50, 51, 54, 57, 58, 59, 64, 65, 70, 71, 72, 73, 74, 76, 79, 81, 84, 86, 89], "excluded_lines": []}, "OrcaDebugUI.render_azure_config": {"executed_lines": [], "summary": {"covered_lines": 0, "num_statements": 12, "percent_covered": 0.0, "percent_covered_display": "0", "missing_lines": 12, "excluded_lines": 0}, "missing_lines": [93, 96, 97, 98, 101, 105, 109, 114, 115, 116, 123, 125], "excluded_lines": []}, "OrcaDebugUI.render_system_status": {"executed_lines": [], "summary": {"covered_lines": 0, "num_statements": 9, "percent_covered": 0.0, "percent_covered_display": "0", "missing_lines": 9, "excluded_lines": 0}, "missing_lines": [129, 132, 133, 135, 136, 139, 140, 143, 144], "excluded_lines": []}, "OrcaDebugUI.render_quick_actions": {"executed_lines": [], "summary": {"covered_lines": 0, "num_statements": 7, "percent_covered": 0.0, "percent_covered_display": "0", "missing_lines": 7, "excluded_lines": 0}, "missing_lines": [148, 150, 151, 152, 153, 155, 156], "excluded_lines": []}, "OrcaDebugUI.save_env_config": {"executed_lines": [], "summary": {"covered_lines": 0, "num_statements": 15, "percent_covered": 0.0, "percent_covered_display": "0", "missing_lines": 15, "excluded_lines": 0}, "missing_lines": [160, 161, 162, 165, 166, 167, 168, 169, 170, 173, 176, 177, 178, 180, 181], "excluded_lines": []}, "OrcaDebugUI.render_main_content": {"executed_lines": [], "summary": {"covered_lines": 0, "num_statements": 11, "percent_covered": 0.0, "percent_covered_display": "0", "missing_lines": 11, "excluded_lines": 0}, "missing_lines": [185, 186, 189, 198, 199, 201, 202, 204, 205, 207, 208], "excluded_lines": []}, "OrcaDebugUI.render_decision_testing": {"executed_lines": [], "summary": {"covered_lines": 0, "num_statements": 30, "percent_covered": 0.0, "percent_covered_display": "0", "missing_lines": 30, "excluded_lines": 0}, "missing_lines": [212, 215, 217, 218, 221, 222, 223, 224, 227, 228, 229, 230, 233, 234, 235, 238, 241, 242, 246, 247, 250, 251, 252, 254, 272, 275, 280, 283, 285, 286], "excluded_lines": []}, "OrcaDebugUI.display_decision_result": {"executed_lines": [], "summary": {"covered_lines": 0, "num_statements": 44, "percent_covered": 0.0, "percent_covered_display": "0", "missing_lines": 44, "excluded_lines": 0}, "missing_lines": [291, 293, 294, 299, 301, 302, 305, 307, 308, 309, 312, 313, 315, 316, 317, 318, 320, 321, 322, 323, 326, 327, 328, 330, 332, 333, 334, 335, 337, 338, 339, 340, 343, 344, 345, 347, 349, 350, 352, 353, 354, 355, 358, 359], "excluded_lines": []}, "OrcaDebugUI.render_decision_history": {"executed_lines": [], "summary": {"covered_lines": 0, "num_statements": 22, "percent_covered": 0.0, "percent_covered_display": "0", "missing_lines": 22, "excluded_lines": 0}, "missing_lines": [363, 365, 366, 367, 370, 371, 372, 388, 389, 392, 393, 395, 396, 398, 399, 400, 402, 403, 404, 406, 407, 408], "excluded_lines": []}, "OrcaDebugUI.render_determinism_check": {"executed_lines": [], "summary": {"covered_lines": 0, "num_statements": 31, "percent_covered": 0.0, "percent_covered_display": "0", "missing_lines": 31, "excluded_lines": 0}, "missing_lines": [412, 413, 415, 417, 418, 421, 422, 423, 424, 426, 427, 428, 432, 433, 434, 436, 439, 441, 442, 446, 448, 449, 450, 453, 454, 455, 458, 459, 460, 461, 463], "excluded_lines": []}, "OrcaDebugUI.run_determinism_test": {"executed_lines": [], "summary": {"covered_lines": 0, "num_statements": 16, "percent_covered": 0.0, "percent_covered_display": "0", "missing_lines": 16, "excluded_lines": 0}, "missing_lines": [469, 471, 472, 473, 485, 487, 498, 499, 504, 505, 507, 508, 510, 511, 513, 523], "excluded_lines": []}, "OrcaDebugUI.render_model_analysis": {"executed_lines": [], "summary": {"covered_lines": 0, "num_statements": 24, "percent_covered": 0.0, "percent_covered_display": "0", "missing_lines": 24, "excluded_lines": 0}, "missing_lines": [527, 530, 532, 534, 535, 536, 538, 539, 540, 541, 544, 545, 549, 552, 554, 555, 556, 557, 573, 576, 577, 580, 581, 582], "excluded_lines": []}, "OrcaDebugUI.run": {"executed_lines": [], "summary": {"covered_lines": 0, "num_statements": 2, "percent_covered": 0.0, "percent_covered_display": "0", "missing_lines": 2, "excluded_lines": 0}, "missing_lines": [586, 587], "excluded_lines": []}, "main": {"executed_lines": [], "summary": {"covered_lines": 0, "num_statements": 2, "percent_covered": 0.0, "percent_covered_display": "0", "missing_lines": 2, "excluded_lines": 0}, "missing_lines": [592, 593], "excluded_lines": []}, "": {"executed_lines": [], "summary": {"covered_lines": 0, "num_statements": 30, "percent_covered": 0.0, "percent_covered_display": "0", "missing_lines": 30, "excluded_lines": 0}, "missing_lines": [8, 9, 10, 12, 13, 15, 18, 19, 20, 21, 24, 27, 32, 41, 48, 91, 127, 146, 158, 183, 210, 288, 361, 410, 465, 525, 584, 590, 596, 597], "excluded_lines": []}}, "classes": {"OrcaDebugUI": {"executed_lines": [], "summary": {"covered_lines": 0, "num_statements": 249, "percent_covered": 0.0, "percent_covered_display": "0", "missing_lines": 249, "excluded_lines": 0}, "missing_lines": [29, 30, 34, 43, 44, 45, 46, 50, 51, 54, 57, 58, 59, 64, 65, 70, 71, 72, 73, 74, 76, 79, 81, 84, 86, 89, 93, 96, 97, 98, 101, 105, 109, 114, 115, 116, 123, 125, 129, 132, 133, 135, 136, 139, 140, 143, 144, 148, 150, 151, 152, 153, 155, 156, 160, 161, 162, 165, 166, 167, 168, 169, 170, 173, 176, 177, 178, 180, 181, 185, 186, 189, 198, 199, 201, 202, 204, 205, 207, 208, 212, 215, 217, 218, 221, 222, 223, 224, 227, 228, 229, 230, 233, 234, 235, 238, 241, 242, 246, 247, 250, 251, 252, 254, 272, 275, 280, 283, 285, 286, 291, 293, 294, 299, 301, 302, 305, 307, 308, 309, 312, 313, 315, 316, 317, 318, 320, 321, 322, 323, 326, 327, 328, 330, 332, 333, 334, 335, 337, 338, 339, 340, 343, 344, 345, 347, 349, 350, 352, 353, 354, 355, 358, 359, 363, 365, 366, 367, 370, 371, 372, 388, 389, 392, 393, 395, 396, 398, 399, 400, 402, 403, 404, 406, 407, 408, 412, 413, 415, 417, 418, 421, 422, 423, 424, 426, 427, 428, 432, 433, 434, 436, 439, 441, 442, 446, 448, 449, 450, 453, 454, 455, 458, 459, 460, 461, 463, 469, 471, 472, 473, 485, 487, 498, 499, 504, 505, 507, 508, 510, 511, 513, 523, 527, 530, 532, 534, 535, 536, 538, 539, 540, 541, 544, 545, 549, 552, 554, 555, 556, 557, 573, 576, 577, 580, 581, 582, 586, 587], "excluded_lines": []}, "": {"executed_lines": [], "summary": {"covered_lines": 0, "num_statements": 32, "percent_covered": 0.0, "percent_covered_display": "0", "missing_lines": 32, "excluded_lines": 0}, "missing_lines": [8, 9, 10, 12, 13, 15, 18, 19, 20, 21, 24, 27, 32, 41, 48, 91, 127, 146, 158, 183, 210, 288, 361, 410, 465, 525, 584, 590, 592, 593, 596, 597], "excluded_lines": []}}}}, "totals": {"covered_lines": 3505, "num_statements": 4455, "percent_covered": 78.67564534231201, "percent_covered_display": "79", "missing_lines": 950, "excluded_lines": 0}}
